0.581279 2e-05
1.16252 4e-05
1.74373 6e-05
2.32491 8e-05
2.90605 0.0001
3.48715 0.00012
4.06822 0.00014
4.64926 0.00016
5.23026 0.00018
5.81122 0.0002
6.39215 0.00022
6.97305 0.00024
7.55391 0.00026
8.13473 0.00028
8.71553 0.0003
9.29628 0.00032
9.877 0.00034
10.4577 0.00036
11.0383 0.00038
11.619 0.0004
12.1995 0.00042
12.7801 0.00044
13.3606 0.00046
13.9411 0.00048
14.5215 0.0005
15.1019 0.00052
15.6822 0.00054
16.2625 0.00056
16.8428 0.00058
17.423 0.0006
18.0032 0.00062
18.5832 0.00064
19.1633 0.00066
19.7432 0.00068
20.323 0.0007
20.9026 0.00072
21.4822 0.00074
22.0615 0.00076
22.6406 0.00078
23.2193 0.0008
23.7978 0.00082
24.3758 0.00084
24.9533 0.00086
25.5301 0.00088
26.1062 0.0009
26.6813 0.00092
27.2553 0.00094
27.8279 0.00096
28.3988 0.00098
28.9678 0.001
29.5345 0.00102
30.0985 0.00104
30.6592 0.00106
31.2161 0.00108
31.7687 0.0011
32.3161 0.00112
32.8576 0.00114
33.3924 0.00116
33.9196 0.00118
34.438 0.0012
34.9467 0.00122
35.4445 0.00124
35.9303 0.00126
36.4028 0.00128
36.8609 0.0013
37.3034 0.00132
37.7293 0.00134
38.1375 0.00136
38.5272 0.00138
38.8976 0.0014
39.2483 0.00142
39.5787 0.00144
39.8888 0.00146
40.1786 0.00148
40.4483 0.0015
40.6984 0.00152
40.9292 0.00154
41.1417 0.00156
41.3366 0.00158
41.5148 0.0016
41.6773 0.00162
41.8251 0.00164
41.9593 0.00166
42.0808 0.00168
42.1907 0.0017
42.2899 0.00172
42.3794 0.00174
42.4601 0.00176
42.5327 0.00178
42.598 0.0018
42.6567 0.00182
42.7095 0.00184
42.757 0.00186
42.7996 0.00188
42.838 0.0019
42.8724 0.00192
42.9034 0.00194
42.9313 0.00196
42.9564 0.00198
42.979 0.002
41.8778 0.00196
40.7763 0.00192
39.6748 0.00188
38.5732 0.00184
37.4715 0.0018
36.3697 0.00176
35.2679 0.00172
34.166 0.00168
33.0643 0.00164
31.9625 0.0016
30.861 0.00156
29.7595 0.00152
28.6583 0.00148
27.5574 0.00144
26.4569 0.0014
25.3567 0.00136
24.2571 0.00132
23.158 0.00128
22.0595 0.00124
20.9618 0.0012
19.8648 0.00116
18.7688 0.00112
17.6737 0.00108
16.5798 0.00104
15.487 0.001
14.3956 0.00096
13.3056 0.00092
12.217 0.00088
11.1302 0.00084
10.0451 0.0008
8.96187 0.00076
7.88069 0.00072
6.80167 0.00068
5.72494 0.00064
4.65064 0.0006
3.57892 0.00056
2.50993 0.00052
1.44383 0.00048
0.380754 0.00044
-0.679122 0.0004
-1.73564 0.00036
-2.78863 0.00032
-3.83792 0.00028
-4.88334 0.00024
-5.92471 0.0002
-6.96185 0.00016
-7.99457 0.00012
-9.02269 8e-05
-10.046 4e-05
-11.0643 1.39591e-18
-12.0775 -4e-05
-13.0852 -8e-05
-14.0873 -0.00012
-15.0836 -0.00016
-16.0739 -0.0002
-17.058 -0.00024
-18.0355 -0.00028
-19.0064 -0.00032
-19.9704 -0.00036
-20.9272 -0.0004
-21.8766 -0.00044
-22.8184 -0.00048
-23.7523 -0.00052
-24.6782 -0.00056
-25.5956 -0.0006
-26.5045 -0.00064
-27.4045 -0.00068
-28.2953 -0.00072
-29.1768 -0.00076
-30.0486 -0.0008
-30.9105 -0.00084
-31.7622 -0.00088
-32.6034 -0.00092
-33.4339 -0.00096
-34.2533 -0.001
-35.0614 -0.00104
-35.8579 -0.00108
-36.6425 -0.00112
-37.415 -0.00116
-38.1749 -0.0012
-38.922 -0.00124
-39.656 -0.00128
-40.3767 -0.00132
-41.0836 -0.00136
-41.7764 -0.0014
-42.4549 -0.00144
-43.1188 -0.00148
-43.1705 -0.00152
-43.2057 -0.00156
-43.235 -0.0016
-43.2596 -0.00164
-43.2804 -0.00168
-43.298 -0.00172
-43.3132 -0.00176
-43.3263 -0.0018
-43.3378 -0.00184
-43.3479 -0.00188
-43.3569 -0.00192
-43.365 -0.00196
-43.3723 -0.002
-42.259 -0.00196
-41.146 -0.00192
-40.0334 -0.00188
-38.9214 -0.00184
-37.8103 -0.0018
-36.7001 -0.00176
-35.591 -0.00172
-34.4833 -0.00168
-33.377 -0.00164
-32.2724 -0.0016
-31.1695 -0.00156
-30.0687 -0.00152
-28.97 -0.00148
-27.8736 -0.00144
-26.7797 -0.0014
-25.6885 -0.00136
-24.6001 -0.00132
-23.5146 -0.00128
-22.4323 -0.00124
-21.3534 -0.0012
-20.2779 -0.00116
-19.206 -0.00112
-18.1379 -0.00108
-17.0737 -0.00104
-16.0137 -0.001
-14.9579 -0.00096
-13.9066 -0.00092
-12.8598 -0.00088
-11.8178 -0.00084
-10.7806 -0.0008
-9.74839 -0.00076
-8.72138 -0.00072
-7.69968 -0.00068
-6.68343 -0.00064
-5.67277 -0.0006
-4.66784 -0.00056
-3.66878 -0.00052
-2.67571 -0.00048
-1.68878 -0.00044
-0.708119 -0.0004
0.266154 -0.00036
1.23391 -0.00032
2.19502 -0.00028
3.14937 -0.00024
4.09683 -0.0002
5.0373 -0.00016
5.97064 -0.00012
6.89676 -8e-05
7.81554 -4e-05
8.72687 1.20617e-18
9.63064 4e-05
10.5268 8e-05
11.4151 0.00012
12.2956 0.00016
13.1682 0.0002
14.0327 0.00024
14.8891 0.00028
15.7372 0.00032
16.577 0.00036
17.4085 0.0004
18.2314 0.00044
19.0458 0.00048
19.8516 0.00052
20.6487 0.00056
21.437 0.0006
22.2164 0.00064
22.9869 0.00068
23.7485 0.00072
24.501 0.00076
25.2444 0.0008
25.9786 0.00084
26.7036 0.00088
27.4194 0.00092
28.1258 0.00096
28.8229 0.001
29.5106 0.00104
30.1888 0.00108
30.8576 0.00112
31.5168 0.00116
32.1664 0.0012
32.8064 0.00124
33.4368 0.00128
34.0576 0.00132
34.6686 0.00136
35.27 0.0014
35.8615 0.00144
36.4434 0.00148
37.0154 0.00152
37.5777 0.00156
38.1301 0.0016
38.6727 0.00164
39.2055 0.00168
39.7284 0.00172
40.2414 0.00176
40.7446 0.0018
41.238 0.00184
41.7214 0.00188
42.195 0.00192
42.6587 0.00196
43.1126 0.002
42.0115 0.00196
40.9102 0.00192
39.809 0.00188
38.7079 0.00184
37.6069 0.0018
36.5062 0.00176
35.4059 0.00172
34.3061 0.00168
33.2069 0.00164
32.1085 0.0016
31.0109 0.00156
29.9144 0.00152
28.819 0.00148
27.7248 0.00144
26.6321 0.0014
25.541 0.00136
24.4515 0.00132
23.3639 0.00128
22.2783 0.00124
21.1949 0.0012
20.1138 0.00116
19.0352 0.00112
17.9592 0.00108
16.886 0.00104
15.8158 0.001
14.7488 0.00096
13.685 0.00092
12.6247 0.00088
11.5681 0.00084
10.5152 0.0008
9.46643 0.00076
8.42179 0.00072
7.38151 0.00068
6.34578 0.00064
5.31477 0.0006
4.28867 0.00056
3.26766 0.00052
2.25194 0.00048
1.2417 0.00044
0.237114 0.0004
-0.761612 0.00036
-1.75429 0.00032
-2.74072 0.00028
-3.72071 0.00024
-4.69405 0.0002
-5.66056 0.00016
-6.62004 0.00012
-7.57227 8e-05
-8.51705 4e-05
-9.45419 1.39591e-18
-10.3835 -4e-05
-11.3047 -8e-05
-12.2177 -0.00012
-13.1222 -0.00016
-14.018 -0.0002
-14.9049 -0.00024
-15.7827 -0.00028
-16.6511 -0.00032
-17.5101 -0.00036
-18.3593 -0.0004
-19.1985 -0.00044
-20.0275 -0.00048
-20.8462 -0.00052
-21.6542 -0.00056
-22.4513 -0.0006
-23.2375 -0.00064
-24.0123 -0.00068
-24.7756 -0.00072
-25.5272 -0.00076
-26.2668 -0.0008
-26.9942 -0.00084
-27.7092 -0.00088
-28.4116 -0.00092
-29.1011 -0.00096
-29.7775 -0.001
-30.4406 -0.00104
-31.0902 -0.00108
-31.7259 -0.00112
-32.3476 -0.00116
-32.9551 -0.0012
-33.548 -0.00124
-34.1263 -0.00128
-34.6896 -0.00132
-35.2376 -0.00136
-35.7703 -0.0014
-36.2872 -0.00144
-36.7883 -0.00148
-37.2732 -0.00152
-37.7417 -0.00156
-38.1936 -0.0016
-38.6285 -0.00164
-39.0464 -0.00168
-39.4469 -0.00172
-39.8298 -0.00176
-40.1948 -0.0018
-40.5418 -0.00184
-40.8704 -0.00188
-41.1804 -0.00192
-41.4715 -0.00196
-41.7436 -0.002
-40.6304 -0.00196
-39.5173 -0.00192
-38.4043 -0.00188
-37.2914 -0.00184
-36.1788 -0.0018
-35.0663 -0.00176
-33.954 -0.00172
-32.8419 -0.00168
-31.7301 -0.00164
-30.6185 -0.0016
-29.5073 -0.00156
-28.3965 -0.00152
-27.2861 -0.00148
-26.1762 -0.00144
-25.0668 -0.0014
-23.9581 -0.00136
-22.8501 -0.00132
-21.7428 -0.00128
-20.6365 -0.00124
-19.5311 -0.0012
-18.4268 -0.00116
-17.3237 -0.00112
-16.2218 -0.00108
-15.1215 -0.00104
-14.0226 -0.001
-12.9255 -0.00096
-11.8302 -0.00092
-10.7369 -0.00088
-9.64579 -0.00084
-8.55697 -0.0008
-7.47065 -0.00076
-6.38701 -0.00072
-5.30623 -0.00068
-4.22851 -0.00064
-3.15406 -0.0006
-2.08309 -0.00056
-1.01583 -0.00052
0.047517 -0.00048
1.1067 -0.00044
2.16147 -0.0004
3.21159 -0.00036
4.25679 -0.00032
5.29681 -0.00028
6.33136 -0.00024
7.36018 -0.0002
8.38296 -0.00016
9.39941 -0.00012
10.4092 -8e-05
11.4121 -4e-05
12.4076 1.21295e-18
13.3956 4e-05
14.3756 8e-05
15.3472 0.00012
16.3102 0.00016
17.2642 0.0002
18.2088 0.00024
19.1436 0.00028
20.0682 0.00032
20.9822 0.00036
21.8852 0.0004
22.7768 0.00044
23.6565 0.00048
24.524 0.00052
25.3788 0.00056
26.2203 0.0006
27.0483 0.00064
27.8621 0.00068
28.6614 0.00072
29.4455 0.00076
30.2141 0.0008
30.9666 0.00084
31.7026 0.00088
32.4214 0.00092
33.1225 0.00096
33.8054 0.001
34.4696 0.00104
35.1145 0.00108
35.7396 0.00112
36.3441 0.00116
36.9276 0.0012
37.4895 0.00124
38.0292 0.00128
38.5459 0.00132
39.0393 0.00136
39.5084 0.0014
39.9529 0.00144
40.3719 0.00148
40.7649 0.00152
41.1311 0.00156
41.47 0.0016
41.7807 0.00164
42.0627 0.00168
42.3151 0.00172
42.5373 0.00176
42.7287 0.0018
42.8883 0.00184
43.0155 0.00188
43.1096 0.00192
43.1698 0.00196
43.1953 0.002
42.0942 0.00196
40.993 0.00192
39.8918 0.00188
38.7907 0.00184
37.6898 0.0018
36.5891 0.00176
35.4888 0.00172
34.389 0.00168
33.2898 0.00164
32.1914 0.0016
31.0938 0.00156
29.9972 0.00152
28.9017 0.00148
27.8075 0.00144
26.7147 0.0014
25.6234 0.00136
24.5338 0.00132
23.446 0.00128
22.3603 0.00124
21.2766 0.0012
20.1953 0.00116
19.1164 0.00112
18.0401 0.00108
16.9666 0.00104
15.8961 0.001
14.8287 0.00096
13.7645 0.00092
12.7038 0.00088
11.6467 0.00084
10.5935 0.0008
9.54415 0.00076
8.49899 0.00072
7.45817 0.00068
6.42186 0.00064
5.39025 0.0006
4.36352 0.00056
3.34186 0.00052
2.32546 0.00048
1.31451 0.00044
0.309189 0.0004
-0.690298 0.00036
-1.68376 0.00032
-2.671 0.00028
-3.65183 0.00024
-4.62604 0.0002
-5.59344 0.00016
-6.55383 0.00012
-7.507 8e-05
-8.45274 4e-05
-9.39087 1.39591e-18
-10.3212 -4e-05
-11.2434 -8e-05
-12.1574 -0.00012
-13.063 -0.00016
-13.9599 -0.0002
-14.8479 -0.00024
-15.7268 -0.00028
-16.5964 -0.00032
-17.4565 -0.00036
-18.3069 -0.0004
-19.1473 -0.00044
-19.9775 -0.00048
-20.7974 -0.00052
-21.6066 -0.00056
-22.405 -0.0006
-23.1924 -0.00064
-23.9684 -0.00068
-24.733 -0.00072
-25.4859 -0.00076
-26.2268 -0.0008
-26.9555 -0.00084
-27.6718 -0.00088
-28.3754 -0.00092
-29.0662 -0.00096
-29.7439 -0.001
-30.4083 -0.00104
-31.0591 -0.00108
-31.6961 -0.00112
-32.3191 -0.00116
-32.9278 -0.0012
-33.522 -0.00124
-34.1015 -0.00128
-34.666 -0.00132
-35.2152 -0.00136
-35.7491 -0.0014
-36.2672 -0.00144
-36.7694 -0.00148
-37.2554 -0.00152
-37.725 -0.00156
-38.178 -0.0016
-38.614 -0.00164
-39.0329 -0.00168
-39.4344 -0.00172
-39.8183 -0.00176
-40.1843 -0.0018
-40.5321 -0.00184
-40.8616 -0.00188
-41.1724 -0.00192
-41.4643 -0.00196
-41.7372 -0.002
-38.3979 -0.00188
-35.0601 -0.00176
-31.724 -0.00164
-28.3905 -0.00152
-25.061 -0.0014
-21.7372 -0.00128
-18.4212 -0.00116
-15.116 -0.00104
-11.8249 -0.00092
-8.55183 -0.0008
-5.30123 -0.00068
-2.07824 -0.00056
1.1114 -0.00044
4.26133 -0.00032
7.36456 -0.0002
10.4134 -8e-05
13.3996 4e-05
16.3141 0.00016
19.1472 0.00028
21.8886 0.0004
24.5272 0.00052
27.0512 0.00064
29.4482 0.00076
31.705 0.00088
33.8075 0.001
35.7413 0.00112
37.4909 0.00124
39.0402 0.00136
40.3725 0.00148
41.4701 0.0016
42.3147 0.00172
42.8874 0.00184
43.1683 0.00196
43.2001 0.00208
43.2061 0.0022
43.2097 0.00232
43.2118 0.00244
43.2132 0.00256
43.2139 0.00268
43.2144 0.0028
43.2146 0.00292
43.2146 0.00304
43.2146 0.00316
43.2144 0.00328
43.2143 0.0034
43.2141 0.00352
43.2138 0.00364
43.2135 0.00376
43.2132 0.00388
43.2129 0.004
43.2126 0.00412
43.2123 0.00424
43.2119 0.00436
43.2116 0.00448
43.2112 0.0046
43.2108 0.00472
43.2104 0.00484
43.21 0.00496
43.2096 0.00508
43.2091 0.0052
43.2087 0.00532
43.2083 0.00544
43.2078 0.00556
43.2074 0.00568
43.2069 0.0058
43.2064 0.00592
43.2059 0.00604
43.2054 0.00616
43.2049 0.00628
43.2044 0.0064
43.2039 0.00652
43.2033 0.00664
43.2315 0.00676
43.3529 0.00688
43.5699 0.007
43.8818 0.00712
44.2227 0.00724
44.561 0.00736
44.8966 0.00748
45.2295 0.0076
45.5598 0.00772
45.8874 0.00784
46.2124 0.00796
46.5349 0.00808
46.8547 0.0082
47.172 0.00832
47.4867 0.00844
47.7989 0.00856
48.1086 0.00868
48.4158 0.0088
48.7205 0.00892
49.0228 0.00904
49.3226 0.00916
49.62 0.00928
49.915 0.0094
50.2075 0.00952
50.4977 0.00964
50.7855 0.00976
51.071 0.00988
51.3541 0.01
46.3363 0.0098
41.3692 0.0096
36.4985 0.0094
31.763 0.0092
27.1947 0.009
22.8179 0.0088
18.65 0.0086
14.7015 0.0084
10.9771 0.0082
7.47656 0.008
4.19549 0.0078
1.12653 0.0076
-1.7399 0.0074
-4.41484 0.0072
-6.91015 0.007
-9.23806 0.0068
-11.4108 0.0066
-13.4402 0.0064
-15.3378 0.0062
-17.1143 0.006
-18.78 0.0058
-20.3442 0.0056
-21.8157 0.0054
-23.2024 0.0052
-24.5118 0.005
-25.7504 0.0048
-26.9245 0.0046
-28.0396 0.0044
-29.1007 0.0042
-30.1124 0.004
-31.0788 0.0038
-32.0038 0.0036
-32.8907 0.0034
-33.7428 0.0032
-34.5627 0.003
-35.353 0.0028
-36.1162 0.0026
-36.8542 0.0024
-37.5691 0.0022
-38.2626 0.002
-38.9363 0.0018
-39.5917 0.0016
-40.23 0.0014
-40.8526 0.0012
-41.4606 0.001
-42.055 0.0008
-42.6367 0.0006
-43.2065 0.0004
-43.7654 0.0002
-44.3141 1.43115e-17
-44.8531 -0.0002
-45.3832 -0.0004
-45.9049 -0.0006
-46.4187 -0.0008
-46.9252 -0.001
-47.4247 -0.0012
-47.9178 -0.0014
-48.4048 -0.0016
-48.8861 -0.0018
-49.362 -0.002
-49.8328 -0.0022
-50.2989 -0.0024
-50.7604 -0.0026
-51.2178 -0.0028
-51.6711 -0.003
-52.1206 -0.0032
-52.5665 -0.0034
-53.0091 -0.0036
-53.4485 -0.0038
-53.8848 -0.004
-54.3183 -0.0042
-54.7491 -0.0044
-55.1773 -0.0046
-55.603 -0.0048
-56.0265 -0.005
-56.4477 -0.0052
-56.8669 -0.0054
-57.2841 -0.0056
-57.6994 -0.0058
-58.1129 -0.006
-58.5247 -0.0062
-58.9349 -0.0064
-59.3435 -0.0066
-59.7507 -0.0068
-60.1552 -0.007
-60.5547 -0.0072
-60.9491 -0.0074
-61.3386 -0.0076
-61.7231 -0.0078
-62.1027 -0.008
-62.4776 -0.0082
-62.8477 -0.0084
-63.213 -0.0086
-63.5737 -0.0088
-63.9298 -0.009
-64.2813 -0.0092
-64.6283 -0.0094
-64.9709 -0.0096
-65.309 -0.0098
-65.6427 -0.01
-60.4106 -0.0098
-55.2268 -0.0096
-50.1289 -0.0094
-45.1487 -0.0092
-40.313 -0.009
-35.6436 -0.0088
-31.1567 -0.0086
-26.864 -0.0084
-22.7727 -0.0082
-18.886 -0.008
-15.2037 -0.0078
-11.7229 -0.0076
-8.43836 -0.0074
-5.34332 -0.0072
-2.42971 -0.007
0.311357 -0.0068
2.88923 -0.0066
5.31347 -0.0064
7.59365 -0.0062
9.73916 -0.006
11.7591 -0.0058
13.6622 -0.0056
15.4568 -0.0054
17.1507 -0.0052
18.7512 -0.005
20.2653 -0.0048
21.6993 -0.0046
23.0593 -0.0044
24.3505 -0.0042
25.5783 -0.004
26.7472 -0.0038
27.8617 -0.0036
28.9256 -0.0034
29.9426 -0.0032
30.9162 -0.003
31.8495 -0.0028
32.7452 -0.0026
33.6061 -0.0024
34.4345 -0.0022
35.2327 -0.002
36.0028 -0.0018
36.7466 -0.0016
37.4659 -0.0014
38.1622 -0.0012
38.8372 -0.001
39.4921 -0.0008
40.1282 -0.0006
40.7468 -0.0004
41.3488 -0.0002
41.9353 1.34166e-17
42.5072 0.0002
43.0655 0.0004
43.6108 0.0006
44.144 0.0008
44.6657 0.001
45.1766 0.0012
45.6774 0.0014
46.1684 0.0016
46.6504 0.0018
47.1237 0.002
47.5888 0.0022
48.0462 0.0024
48.4963 0.0026
48.9393 0.0028
49.3758 0.003
49.8059 0.0032
50.2301 0.0034
50.6486 0.0036
51.0616 0.0038
51.4695 0.004
51.8724 0.0042
52.2706 0.0044
52.6644 0.0046
53.0538 0.0048
53.4392 0.005
53.8206 0.0052
54.1983 0.0054
54.5724 0.0056
54.943 0.0058
55.3104 0.006
55.6745 0.0062
56.0357 0.0064
56.3939 0.0066
56.7493 0.0068
57.102 0.007
57.4521 0.0072
57.7997 0.0074
58.1449 0.0076
58.4879 0.0078
58.8285 0.008
59.1671 0.0082
59.5035 0.0084
59.838 0.0086
60.1705 0.0088
60.5011 0.009
60.83 0.0092
61.1571 0.0094
61.4825 0.0096
61.8063 0.0098
62.1285 0.01
57.1325 0.0098
52.1736 0.0096
47.2851 0.0094
42.4959 0.0092
37.8307 0.009
33.3099 0.0088
28.9494 0.0086
24.7612 0.0084
20.7534 0.0082
16.9305 0.008
13.294 0.0078
9.84282 0.0076
6.57378 0.0074
3.48194 0.0072
0.561073 0.007
-2.19595 0.0068
-4.79691 0.0066
-7.24995 0.0064
-9.56337 0.0062
-11.7455 0.006
-13.8044 0.0058
-15.7481 0.0056
-17.5842 0.0054
-19.32 0.0052
-20.9624 0.005
-22.5179 0.0048
-23.9926 0.0046
-25.3922 0.0044
-26.7221 0.0042
-27.9871 0.004
-29.192 0.0038
-30.3409 0.0036
-31.4379 0.0034
-32.4866 0.0032
-33.4904 0.003
-34.4524 0.0028
-35.3754 0.0026
-36.2623 0.0024
-37.1154 0.0022
-37.9369 0.002
-38.7292 0.0018
-39.4939 0.0016
-40.2331 0.0014
-40.9483 0.0012
-41.641 0.001
-42.3128 0.0008
-42.9649 0.0006
-43.5985 0.0004
-44.2149 0.0002
-44.815 1.43657e-17
-45.3998 -0.0002
-45.9702 -0.0004
-46.5272 -0.0006
-47.0714 -0.0008
-47.6037 -0.001
-48.1246 -0.0012
-48.6349 -0.0014
-49.1351 -0.0016
-49.6258 -0.0018
-50.1076 -0.002
-50.5808 -0.0022
-51.046 -0.0024
-51.5036 -0.0026
-51.9539 -0.0028
-52.3975 -0.003
-52.8345 -0.0032
-53.2654 -0.0034
-53.6905 -0.0036
-54.11 -0.0038
-54.5242 -0.004
-54.9334 -0.0042
-55.3378 -0.0044
-55.7377 -0.0046
-56.1332 -0.0048
-56.5247 -0.005
-56.9122 -0.0052
-57.2959 -0.0054
-57.6761 -0.0056
-58.0529 -0.0058
-58.4264 -0.006
-58.7968 -0.0062
-59.1642 -0.0064
-59.5287 -0.0066
-59.8906 -0.0068
-60.2498 -0.007
-60.6066 -0.0072
-60.961 -0.0074
-61.3131 -0.0076
-61.663 -0.0078
-62.0108 -0.008
-62.3566 -0.0082
-62.7005 -0.0084
-63.0425 -0.0086
-63.3828 -0.0088
-63.7213 -0.009
-64.0583 -0.0092
-64.3936 -0.0094
-64.7275 -0.0096
-65.0599 -0.0098
-65.3909 -0.01
-60.1788 -0.0098
-55.015 -0.0096
-49.9366 -0.0094
-44.9755 -0.0092
-40.1584 -0.009
-35.5068 -0.0088
-31.0372 -0.0086
-26.761 -0.0084
-22.6854 -0.0082
-18.8136 -0.008
-15.1454 -0.0078
-11.6779 -0.0076
-8.40598 -0.0074
-5.32282 -0.0072
-2.42039 -0.007
0.310162 -0.0068
2.87814 -0.0066
5.29309 -0.0064
7.56452 -0.0062
9.7018 -0.006
11.714 -0.0058
13.6098 -0.0056
15.3975 -0.0054
17.0849 -0.0052
18.6793 -0.005
20.1876 -0.0048
21.6161 -0.0046
22.9708 -0.0044
24.2571 -0.0042
25.4802 -0.004
26.6446 -0.0038
27.7548 -0.0036
28.8146 -0.0034
29.8277 -0.0032
30.7976 -0.003
31.7273 -0.0028
32.6196 -0.0026
33.4771 -0.0024
34.3024 -0.0022
35.0975 -0.002
35.8646 -0.0018
36.6056 -0.0016
37.3221 -0.0014
38.0158 -0.0012
38.6881 -0.001
39.3405 -0.0008
39.9742 -0.0006
40.5904 -0.0004
41.1901 -0.0002
41.7743 1.33903e-17
42.3441 0.0002
42.9002 0.0004
43.4434 0.0006
43.9746 0.0008
44.4943 0.001
45.0032 0.0012
45.502 0.0014
45.9912 0.0016
46.4713 0.0018
46.9428 0.002
47.4061 0.0022
47.8618 0.0024
48.3101 0.0026
48.7514 0.0028
49.1862 0.003
49.6147 0.0032
50.0372 0.0034
50.4541 0.0036
50.8655 0.0038
51.2718 0.004
51.6732 0.0042
52.0699 0.0044
52.4622 0.0046
52.8501 0.0048
53.234 0.005
53.6139 0.0052
53.9901 0.0054
54.3628 0.0056
54.732 0.0058
55.0979 0.006
55.4607 0.0062
55.8204 0.0064
56.1772 0.0066
56.5313 0.0068
56.8826 0.007
57.2314 0.0072
57.5777 0.0074
57.9215 0.0076
58.2631 0.0078
58.6025 0.008
58.9397 0.0082
59.2749 0.0084
59.608 0.0086
59.9393 0.0088
60.2686 0.009
60.5962 0.0092
60.922 0.0094
61.2462 0.0096
61.5687 0.0098
61.8897 0.01
56.9129 0.0098
51.973 0.0096
47.1033 0.0094
42.3326 0.0092
37.6853 0.009
33.1818 0.0088
28.8381 0.0086
24.666 0.0084
20.6736 0.0082
16.8654 0.008
13.2429 0.0078
9.80499 0.0076
6.54851 0.0074
3.46855 0.0072
0.558916 0.007
-2.18751 0.0068
-4.77847 0.0066
-7.22208 0.0064
-9.5266 0.0062
-11.7003 0.006
-13.7513 0.0058
-15.6876 0.0056
-17.5167 0.0054
-19.2458 0.0052
-20.8819 0.005
-22.4314 0.0048
-23.9004 0.0046
-25.2946 0.0044
-26.6193 0.0042
-27.8795 0.004
-29.0798 0.0038
-30.2243 0.0036
-31.3171 0.0034
-32.3617 0.0032
-33.3616 0.003
-34.3199 0.0028
-35.2394 0.0026
-36.1229 0.0024
-36.9727 0.0022
-37.7911 0.002
-38.5803 0.0018
-39.3421 0.0016
-40.0784 0.0014
-40.7908 0.0012
-41.4809 0.001
-42.1501 0.0008
-42.7997 0.0006
-43.4309 0.0004
-44.0449 0.0002
-44.6426 1.43115e-17
-45.2252 -0.0002
-45.7935 -0.0004
-46.3483 -0.0006
-46.8904 -0.0008
-47.4206 -0.001
-47.9395 -0.0012
-48.4478 -0.0014
-48.9461 -0.0016
-49.435 -0.0018
-49.9148 -0.002
-50.3862 -0.0022
-50.8497 -0.0024
-51.3055 -0.0026
-51.7541 -0.0028
-52.1959 -0.003
-52.6313 -0.0032
-53.0605 -0.0034
-53.4839 -0.0036
-53.9018 -0.0038
-54.3144 -0.004
-54.722 -0.0042
-55.1249 -0.0044
-55.5232 -0.0046
-55.9173 -0.0048
-56.3072 -0.005
-56.6932 -0.0052
-57.0755 -0.0054
-57.4542 -0.0056
-57.8295 -0.0058
-58.2015 -0.006
-58.5705 -0.0062
-58.9365 -0.0064
-59.2996 -0.0066
-59.6601 -0.0068
-60.0179 -0.007
-60.3733 -0.0072
-60.7263 -0.0074
-61.0771 -0.0076
-61.4256 -0.0078
-61.7721 -0.008
-62.1165 -0.0082
-62.4591 -0.0084
-62.7998 -0.0086
-63.1387 -0.0088
-63.476 -0.009
-63.8116 -0.0092
-64.1457 -0.0094
-64.4782 -0.0096
-64.8093 -0.0098
-65.1391 -0.01
-57.3666 -0.0097
-49.7442 -0.0094
-42.3836 -0.0091
-35.3701 -0.0088
-28.7631 -0.0085
-22.598 -0.0082
-16.8889 -0.0079
-11.6329 -0.0076
-6.81494 -0.0073
-2.41106 -0.007
1.60766 -0.0067
5.2727 -0.0064
8.61604 -0.0061
11.6689 -0.0058
14.4608 -0.0055
17.0191 -0.0052
19.3689 -0.0049
21.5328 -0.0046
23.5312 -0.0043
25.382 -0.004
27.1014 -0.0037
28.7036 -0.0034
30.2011 -0.0031
31.6051 -0.0028
32.9252 -0.0025
34.1702 -0.0022
35.3478 -0.0019
36.4646 -0.0016
37.5266 -0.0013
38.5391 -0.001
39.5069 -0.0007
40.434 -0.0004
41.3243 -0.0001
42.1809 0.0002
43.007 0.0005
43.8051 0.0008
44.5776 0.0011
45.3267 0.0014
46.0542 0.0017
46.7619 0.002
47.4513 0.0023
48.1239 0.0026
48.7809 0.0029
49.4235 0.0032
50.0527 0.0035
50.6695 0.0038
51.2747 0.0041
51.8692 0.0044
52.4537 0.0047
53.0287 0.005
53.5951 0.0053
54.1532 0.0056
54.7036 0.0059
55.2468 0.0062
55.7832 0.0065
56.3133 0.0068
56.8373 0.0071
57.3556 0.0074
57.8686 0.0077
58.3765 0.008
58.8795 0.0083
59.3781 0.0086
59.8723 0.0089
60.3624 0.0092
60.8486 0.0095
61.3311 0.0098
61.8097 0.0101
62.2793 0.0104
62.7385 0.0107
63.1875 0.011
63.6265 0.0113
64.0556 0.0116
64.4751 0.0119
64.8851 0.0122
65.2857 0.0125
65.6773 0.0128
66.0598 0.0131
66.4335 0.0134
66.7986 0.0137
67.1553 0.014
67.5036 0.0143
67.8437 0.0146
68.1758 0.0149
68.5 0.0152
68.8166 0.0155
69.1256 0.0158
69.4271 0.0161
69.7214 0.0164
70.0085 0.0167
70.2887 0.017
70.562 0.0173
70.8285 0.0176
71.0885 0.0179
71.342 0.0182
71.5892 0.0185
71.8301 0.0188
72.065 0.0191
72.2939 0.0194
72.5169 0.0197
72.7342 0.02
63.3374 0.0196
54.1372 0.0192
45.2765 0.0188
36.8574 0.0184
28.947 0.018
21.5819 0.0176
14.7739 0.0172
8.5154 0.0168
2.78537 0.0164
-2.44637 0.016
-7.21516 0.0156
-11.5587 0.0152
-15.5148 0.0148
-19.1203 0.0144
-22.4098 0.014
-25.4156 0.0136
-28.167 0.0132
-30.6908 0.0128
-33.0109 0.0124
-35.1488 0.012
-37.1237 0.0116
-38.9524 0.0112
-40.6502 0.0108
-42.2305 0.0104
-43.7051 0.01
-45.0845 0.0096
-46.3782 0.0092
-47.5945 0.0088
-48.7407 0.0084
-49.8234 0.008
-50.8485 0.0076
-51.8212 0.0072
-52.7463 0.0068
-53.6278 0.0064
-54.4696 0.006
-55.2751 0.0056
-56.0472 0.0052
-56.7887 0.0048
-57.5021 0.0044
-58.1897 0.004
-58.8534 0.0036
-59.4951 0.0032
-60.1164 0.0028
-60.7189 0.0024
-61.304 0.002
-61.8728 0.0016
-62.4266 0.0012
-62.9665 0.0008
-63.4933 0.0004
-64.0079 3.20924e-17
-64.5113 -0.0004
-65.004 -0.0008
-65.4869 -0.0012
-65.9605 -0.0016
-66.4255 -0.002
-66.8823 -0.0024
-67.3315 -0.0028
-67.7736 -0.0032
-68.2089 -0.0036
-68.6379 -0.004
-69.0609 -0.0044
-69.4783 -0.0048
-69.8904 -0.0052
-70.2975 -0.0056
-70.6999 -0.006
-71.0978 -0.0064
-71.4915 -0.0068
-71.8812 -0.0072
-72.2672 -0.0076
-72.6496 -0.008
-73.0286 -0.0084
-73.4044 -0.0088
-73.7771 -0.0092
-74.147 -0.0096
-74.5141 -0.01
-74.8748 -0.0104
-75.2257 -0.0108
-75.5669 -0.0112
-75.8987 -0.0116
-76.2214 -0.012
-76.5352 -0.0124
-76.8403 -0.0128
-77.137 -0.0132
-77.4254 -0.0136
-77.7058 -0.014
-77.9784 -0.0144
-78.2435 -0.0148
-78.5012 -0.0152
-78.7517 -0.0156
-78.9952 -0.016
-79.232 -0.0164
-79.4622 -0.0168
-79.686 -0.0172
-79.9035 -0.0176
-80.115 -0.018
-80.3207 -0.0184
-80.5207 -0.0188
-80.7152 -0.0192
-80.9043 -0.0196
-81.0882 -0.02
-70.947 -0.0196
-61.0462 -0.0192
-51.5215 -0.0188
-42.4641 -0.0184
-33.9312 -0.018
-25.9532 -0.0176
-18.5387 -0.0172
-11.6804 -0.0168
-5.35918 -0.0164
0.451969 -0.016
5.78466 -0.0156
10.6729 -0.0152
15.1514 -0.0148
19.2543 -0.0144
23.0142 -0.014
26.462 -0.0136
29.6264 -0.0132
32.5337 -0.0128
35.2081 -0.0124
37.6714 -0.012
39.9437 -0.0116
42.0427 -0.0112
43.9846 -0.0108
45.784 -0.0104
47.4538 -0.01
49.006 -0.0096
50.4509 -0.0092
51.798 -0.0088
53.0559 -0.0084
54.2323 -0.008
55.334 -0.0076
56.3672 -0.0072
57.3377 -0.0068
58.2504 -0.0064
59.1101 -0.006
59.9207 -0.0056
60.6862 -0.0052
61.4098 -0.0048
62.0949 -0.0044
62.7441 -0.004
63.3602 -0.0036
63.9454 -0.0032
64.5019 -0.0028
65.0316 -0.0024
65.5365 -0.002
66.0182 -0.0016
66.4781 -0.0012
66.9177 -0.0008
67.3383 -0.0004
67.7411 3.02492e-17
68.1272 0.0004
68.4976 0.0008
68.8532 0.0012
69.195 0.0016
69.5236 0.002
69.8399 0.0024
70.1446 0.0028
70.4383 0.0032
70.7216 0.0036
70.9951 0.004
71.2593 0.0044
71.5147 0.0048
71.7617 0.0052
72.0008 0.0056
72.2324 0.006
72.4568 0.0064
72.6744 0.0068
72.8855 0.0072
73.0905 0.0076
73.2896 0.008
73.4831 0.0084
73.6712 0.0088
73.8542 0.0092
74.0324 0.0096
74.2059 0.01
74.3749 0.0104
74.5397 0.0108
74.7003 0.0112
74.8571 0.0116
75.0101 0.012
75.1595 0.0124
75.3054 0.0128
75.448 0.0132
75.5874 0.0136
75.7238 0.014
75.8572 0.0144
75.9877 0.0148
76.1156 0.0152
76.2408 0.0156
76.3634 0.016
76.4836 0.0164
76.6015 0.0168
76.717 0.0172
76.8304 0.0176
76.9416 0.018
77.0508 0.0184
77.158 0.0188
77.2633 0.0192
77.3668 0.0196
77.4684 0.02
68.2246 0.0196
59.1655 0.0192
50.4101 0.0188
42.0403 0.0184
34.1107 0.018
26.6529 0.0176
19.6803 0.0172
13.1918 0.0168
7.17558 0.0164
1.61239 0.016
-3.52201 0.0156
-8.25473 0.0152
-12.6142 0.0148
-16.6288 0.0144
-20.3265 0.014
-23.734 0.0136
-26.8763 0.0132
-29.7768 0.0128
-32.4571 0.0124
-34.9369 0.012
-37.2344 0.0116
-39.366 0.0112
-41.3465 0.0108
-43.1896 0.0104
-44.9074 0.01
-46.5108 0.0096
-48.0099 0.0092
-49.4137 0.0088
-50.7302 0.0084
-51.9667 0.008
-53.13 0.0076
-54.226 0.0072
-55.2601 0.0068
-56.2372 0.0064
-57.1619 0.006
-58.0381 0.0056
-58.8696 0.0052
-59.6596 0.0048
-60.4113 0.0044
-61.1275 0.004
-61.8106 0.0036
-62.463 0.0032
-63.0869 0.0028
-63.6842 0.0024
-64.2567 0.002
-64.806 0.0016
-65.3337 0.0012
-65.8412 0.0008
-66.3297 0.0004
-66.8004 3.22008e-17
-67.2544 -0.0004
-67.6928 -0.0008
-68.1165 -0.0012
-68.5263 -0.0016
-68.9231 -0.002
-69.3077 -0.0024
-69.6806 -0.0028
-70.0426 -0.0032
-70.3942 -0.0036
-70.7361 -0.004
-71.0688 -0.0044
-71.3927 -0.0048
-71.7083 -0.0052
-72.0161 -0.0056
-72.3164 -0.006
-72.6096 -0.0064
-72.896 -0.0068
-73.1761 -0.0072
-73.4501 -0.0076
-73.7183 -0.008
-73.981 -0.0084
-74.2384 -0.0088
-74.4908 -0.0092
-74.7385 -0.0096
-74.9815 -0.01
-75.2202 -0.0104
-75.4548 -0.0108
-75.6853 -0.0112
-75.912 -0.0116
-76.1351 -0.012
-76.3547 -0.0124
-76.5709 -0.0128
-76.7839 -0.0132
-76.9939 -0.0136
-77.2009 -0.014
-77.405 -0.0144
-77.6064 -0.0148
-77.8053 -0.0152
-78.0016 -0.0156
-78.1954 -0.016
-78.387 -0.0164
-78.5763 -0.0168
-78.7635 -0.0172
-78.9486 -0.0176
-79.1317 -0.018
-79.3129 -0.0184
-79.4922 -0.0188
-79.6697 -0.0192
-79.8455 -0.0196
-80.0196 -0.02
-70.0324 -0.0196
-60.2814 -0.0192
-50.9001 -0.0188
-41.9779 -0.0184
-33.5713 -0.018
-25.7103 -0.0176
-18.4035 -0.0172
-11.6438 -0.0168
-5.41251 -0.0164
0.316749 -0.016
5.57501 -0.0156
10.3957 -0.0152
14.8128 -0.0148
18.8599 -0.0144
22.5691 -0.014
25.9707 -0.0136
29.0929 -0.0132
31.9617 -0.0128
34.6009 -0.0124
37.032 -0.012
39.2745 -0.0116
41.3463 -0.0112
43.263 -0.0108
45.0392 -0.0104
46.6875 -0.01
48.2197 -0.0096
49.646 -0.0092
50.9759 -0.0088
52.2176 -0.0084
53.3789 -0.008
54.4665 -0.0076
55.4865 -0.0072
56.4445 -0.0068
57.3455 -0.0064
58.194 -0.006
58.9942 -0.0056
59.7498 -0.0052
60.4641 -0.0048
61.1403 -0.0044
61.7811 -0.004
62.3891 -0.0036
62.9666 -0.0032
63.5158 -0.0028
64.0385 -0.0024
64.5367 -0.002
65.012 -0.0016
65.4658 -0.0012
65.8995 -0.0008
66.3144 -0.0004
66.7118 3.02492e-17
67.0926 0.0004
67.4579 0.0008
67.8086 0.0012
68.1456 0.0016
68.4697 0.002
68.7816 0.0024
69.082 0.0028
69.3715 0.0032
69.6508 0.0036
69.9203 0.004
70.1807 0.0044
70.4324 0.0048
70.6758 0.0052
70.9113 0.0056
71.1395 0.006
71.3605 0.0064
71.5749 0.0068
71.7828 0.0072
71.9847 0.0076
72.1807 0.008
72.3712 0.0084
72.5564 0.0088
72.7366 0.0092
72.9119 0.0096
73.0826 0.01
73.249 0.0104
73.4111 0.0108
73.5691 0.0112
73.7233 0.0116
73.8738 0.012
74.0207 0.0124
74.1642 0.0128
74.3044 0.0132
74.4414 0.0136
74.5755 0.014
74.7066 0.0144
74.8349 0.0148
74.9604 0.0152
75.0834 0.0156
75.2039 0.016
75.322 0.0164
75.4377 0.0168
75.5512 0.0172
75.6625 0.0176
75.7717 0.018
75.8788 0.0184
75.984 0.0188
76.0873 0.0192
76.1888 0.0196
76.2885 0.02
67.1863 0.0196
58.266 0.0192
49.6446 0.0188
41.4029 0.0184
33.5947 0.018
26.251 0.0176
19.385 0.0172
12.9957 0.0168
7.07137 0.0164
1.59315 0.016
-3.46286 0.0156
-8.12335 0.0152
-12.4163 0.0148
-16.3697 0.0144
-20.011 0.014
-23.3665 0.0136
-26.4609 0.0132
-29.3172 0.0128
-31.9566 0.0124
-34.3987 0.012
-36.6612 0.0116
-38.7603 0.0112
-40.7107 0.0108
-42.5256 0.0104
-44.2172 0.01
-45.7962 0.0096
-47.2725 0.0092
-48.6548 0.0088
-49.9512 0.0084
-51.169 0.008
-52.3145 0.0076
-53.3937 0.0072
-54.4121 0.0068
-55.3743 0.0064
-56.2848 0.006
-57.1476 0.0056
-57.9664 0.0052
-58.7443 0.0048
-59.4845 0.0044
-60.1897 0.004
-60.8623 0.0036
-61.5048 0.0032
-62.1191 0.0028
-62.7072 0.0024
-63.2709 0.002
-63.8118 0.0016
-64.3313 0.0012
-64.8309 0.0008
-65.3119 0.0004
-65.7754 3.22008e-17
-66.2224 -0.0004
-66.654 -0.0008
-67.0711 -0.0012
-67.4746 -0.0016
-67.8652 -0.002
-68.2438 -0.0024
-68.6109 -0.0028
-68.9673 -0.0032
-69.3135 -0.0036
-69.65 -0.004
-69.9775 -0.0044
-70.2963 -0.0048
-70.607 -0.0052
-70.9099 -0.0056
-71.2055 -0.006
-71.4941 -0.0064
-71.776 -0.0068
-72.0517 -0.0072
-72.3214 -0.0076
-72.5853 -0.008
-72.8438 -0.0084
-73.0972 -0.0088
-73.3456 -0.0092
-73.5893 -0.0096
-73.8285 -0.01
-74.0633 -0.0104
-74.2941 -0.0108
-74.521 -0.0112
-74.7441 -0.0116
-74.9636 -0.012
-75.1796 -0.0124
-75.3924 -0.0128
-75.6019 -0.0132
-75.8085 -0.0136
-76.0121 -0.014
-76.213 -0.0144
-76.4111 -0.0148
-76.6067 -0.0152
-76.7998 -0.0156
-76.9905 -0.016
-77.179 -0.0164
-77.3652 -0.0168
-77.5493 -0.0172
-77.7313 -0.0176
-77.9114 -0.018
-78.0896 -0.0184
-78.266 -0.0188
-78.4406 -0.0192
-78.6135 -0.0196
-78.7847 -0.02
-65.316 -0.01945
-52.3842 -0.0189
-40.267 -0.01835
-29.1154 -0.0178
-18.9892 -0.01725
-9.88269 -0.0167
-1.74764 -0.01615
5.48872 -0.0156
11.9106 -0.01505
17.6048 -0.0145
22.6551 -0.01395
27.1393 -0.0134
31.1279 -0.01285
34.6833 -0.0123
37.8606 -0.01175
40.7077 -0.0112
43.2662 -0.01065
45.5719 -0.0101
47.656 -0.00955
49.5452 -0.009
51.2628 -0.00845
52.8286 -0.0079
54.2602 -0.00735
55.5725 -0.0068
56.7787 -0.00625
57.89 -0.0057
58.9166 -0.00515
59.8671 -0.0046
60.7493 -0.00405
61.5697 -0.0035
62.3344 -0.00295
63.0486 -0.0024
63.717 -0.00185
64.3438 -0.0013
64.9325 -0.00075
65.4866 -0.0002
66.0089 0.00035
66.5021 0.0009
66.9685 0.00145
67.4103 0.002
67.8294 0.00255
68.2276 0.0031
68.6064 0.00365
68.9672 0.0042
69.3114 0.00475
69.6401 0.0053
69.9544 0.00585
70.2553 0.0064
70.5436 0.00695
70.8203 0.0075
71.086 0.00805
71.3414 0.0086
71.5872 0.00915
71.824 0.0097
72.0523 0.01025
72.2726 0.0108
72.4854 0.01135
72.6911 0.0119
72.89 0.01245
73.0827 0.013
73.2693 0.01355
73.4503 0.0141
73.6258 0.01465
73.7963 0.0152
73.9619 0.01575
74.1229 0.0163
74.2796 0.01685
74.432 0.0174
74.5805 0.01795
74.7251 0.0185
74.8662 0.01905
75.0037 0.0196
75.1378 0.02015
75.265 0.0207
75.3842 0.02125
75.4957 0.0218
75.6001 0.02235
75.6974 0.0229
75.7882 0.02345
75.8727 0.024
75.9511 0.02455
76.0238 0.0251
76.091 0.02565
76.153 0.0262
76.2101 0.02675
76.2624 0.0273
76.3103 0.02785
76.3539 0.0284
76.3935 0.02895
76.4292 0.0295
76.4613 0.03005
76.4899 0.0306
76.5152 0.03115
76.5374 0.0317
76.5567 0.03225
76.5732 0.0328
76.5871 0.03335
76.5984 0.0339
76.6074 0.03445
76.6142 0.035
61.8676 0.0343
47.9193 0.0336
35.091 0.0329
23.5043 0.0322
13.163 0.0315
4.00191 0.0308
-4.07912 0.0301
-11.1941 0.0294
-17.4575 0.0287
-22.9772 0.028
-27.8508 0.0273
-32.1649 0.0266
-35.9948 0.0259
-39.4056 0.0252
-42.4531 0.0245
-45.1851 0.0238
-47.6424 0.0231
-49.8601 0.0224
-51.8678 0.0217
-53.6914 0.021
-55.3526 0.0203
-56.8705 0.0196
-58.2614 0.0189
-59.5394 0.0182
-60.7167 0.0175
-61.8042 0.0168
-62.811 0.0161
-63.7454 0.0154
-64.6145 0.0147
-65.4246 0.014
-66.1813 0.0133
-66.8896 0.0126
-67.5538 0.0119
-68.1777 0.0112
-68.765 0.0105
-69.3186 0.0098
-69.8414 0.0091
-70.3358 0.0084
-70.8042 0.0077
-71.2485 0.007
-71.6705 0.0063
-72.072 0.0056
-72.4544 0.0049
-72.8191 0.0042
-73.1673 0.0035
-73.5002 0.0028
-73.8188 0.0021
-74.1241 0.0014
-74.4169 0.0007
-74.698 1.73472e-17
-74.9682 -0.0007
-75.2281 -0.0014
-75.4783 -0.0021
-75.7195 -0.0028
-75.9521 -0.0035
-76.1767 -0.0042
-76.3937 -0.0049
-76.6035 -0.0056
-76.8066 -0.0063
-77.0032 -0.007
-77.1937 -0.0077
-77.3784 -0.0084
-77.5577 -0.0091
-77.7318 -0.0098
-77.9009 -0.0105
-78.0653 -0.0112
-78.2253 -0.0119
-78.3809 -0.0126
-78.5325 -0.0133
-78.6802 -0.014
-78.8242 -0.0147
-78.9646 -0.0154
-79.1016 -0.0161
-79.2353 -0.0168
-79.366 -0.0175
-79.4936 -0.0182
-79.6184 -0.0189
-79.7404 -0.0196
-79.8596 -0.0203
-79.9757 -0.021
-80.0886 -0.0217
-80.1987 -0.0224
-80.306 -0.0231
-80.411 -0.0238
-80.5136 -0.0245
-80.6142 -0.0252
-80.7128 -0.0259
-80.8097 -0.0266
-80.905 -0.0273
-80.9988 -0.028
-81.0912 -0.0287
-81.1824 -0.0294
-81.2725 -0.0301
-81.3615 -0.0308
-81.4496 -0.0315
-81.5369 -0.0322
-81.6234 -0.0329
-81.7091 -0.0336
-81.7942 -0.0343
-81.8787 -0.035
-65.3705 -0.0343
-50.1255 -0.0336
-36.4225 -0.0329
-24.2844 -0.0322
-13.6189 -0.0315
-4.28396 -0.0308
3.87669 -0.0301
11.0151 -0.0294
17.2706 -0.0287
22.7662 -0.028
27.609 -0.0273
31.8903 -0.0266
35.6882 -0.0259
39.0687 -0.0252
42.0879 -0.0245
44.7932 -0.0238
47.225 -0.0231
49.4177 -0.0224
51.4005 -0.0217
53.1984 -0.021
54.833 -0.0203
56.3229 -0.0196
57.6839 -0.0189
58.9301 -0.0182
60.0735 -0.0175
61.1247 -0.0168
62.0928 -0.0161
62.9859 -0.0154
63.8113 -0.0147
64.5752 -0.014
65.2832 -0.0133
65.9403 -0.0126
66.5509 -0.0119
67.1189 -0.0112
67.6478 -0.0105
68.1409 -0.0098
68.601 -0.0091
69.0306 -0.0084
69.4321 -0.0077
69.8076 -0.007
70.1589 -0.0063
70.4878 -0.0056
70.7959 -0.0049
71.0846 -0.0042
71.3552 -0.0035
71.609 -0.0028
71.847 -0.0021
72.0702 -0.0014
72.2795 -0.0007
72.4759 1.73472e-17
72.6601 0.0007
72.8328 0.0014
72.9947 0.0021
73.1464 0.0028
73.2885 0.0035
73.4215 0.0042
73.546 0.0049
73.6624 0.0056
73.7711 0.0063
73.8725 0.007
73.967 0.0077
74.055 0.0084
74.1367 0.0091
74.2125 0.0098
74.2827 0.0105
74.3475 0.0112
74.4073 0.0119
74.4621 0.0126
74.5123 0.0133
74.558 0.014
74.5996 0.0147
74.637 0.0154
74.6706 0.0161
74.7004 0.0168
74.7267 0.0175
74.7496 0.0182
74.7693 0.0189
74.7857 0.0196
74.7992 0.0203
74.8098 0.021
74.8176 0.0217
74.8227 0.0224
74.8253 0.0231
74.8254 0.0238
74.8231 0.0245
74.8185 0.0252
74.8117 0.0259
74.8027 0.0266
74.7917 0.0273
74.7788 0.028
74.7639 0.0287
74.7471 0.0294
74.7286 0.0301
74.7083 0.0308
74.6864 0.0315
74.6629 0.0322
74.6378 0.0329
74.6111 0.0336
74.5831 0.0343
74.5536 0.035
60.5837 0.0343
47.54 0.0336
35.6638 0.0329
25.0021 0.0322
15.5089 0.0315
7.09299 0.0308
-0.354372 0.0301
-6.94441 0.0294
-12.7826 0.0287
-17.9651 0.028
-22.5771 0.0273
-26.6931 0.0266
-30.3778 0.0259
-33.6867 0.0252
-36.6678 0.0245
-39.3619 0.0238
-41.8043 0.0231
-44.0253 0.0224
-46.0509 0.0217
-47.9036 0.021
-49.6027 0.0203
-51.1652 0.0196
-52.6057 0.0189
-53.9369 0.0182
-55.17 0.0175
-56.3148 0.0168
-57.38 0.0161
-58.373 0.0154
-59.3006 0.0147
-60.1687 0.014
-60.9827 0.0133
-61.7471 0.0126
-62.4664 0.0119
-63.1441 0.0112
-63.7836 0.0105
-64.3881 0.0098
-64.9602 0.0091
-65.5025 0.0084
-66.017 0.0077
-66.506 0.007
-66.9711 0.0063
-67.4141 0.0056
-67.8366 0.0049
-68.2398 0.0042
-68.6251 0.0035
-68.9937 0.0028
-69.3466 0.0021
-69.6848 0.0014
-70.0092 0.0007
-70.3206 2.42861e-17
-70.6199 -0.0007
-70.9077 -0.0014
-71.1846 -0.0021
-71.4514 -0.0028
-71.7085 -0.0035
-71.9565 -0.0042
-72.1959 -0.0049
-72.4271 -0.0056
-72.6505 -0.0063
-72.8666 -0.007
-73.0757 -0.0077
-73.2781 -0.0084
-73.4742 -0.0091
-73.6644 -0.0098
-73.8487 -0.0105
-74.0276 -0.0112
-74.2013 -0.0119
-74.37 -0.0126
-74.5339 -0.0133
-74.6932 -0.014
-74.8481 -0.0147
-74.9989 -0.0154
-75.1457 -0.0161
-75.2886 -0.0168
-75.4278 -0.0175
-75.5634 -0.0182
-75.6957 -0.0189
-75.8246 -0.0196
-75.9504 -0.0203
-76.0731 -0.021
-76.1929 -0.0217
-76.3099 -0.0224
-76.4242 -0.0231
-76.5358 -0.0238
-76.6448 -0.0245
-76.7514 -0.0252
-76.8556 -0.0259
-76.9576 -0.0266
-77.0573 -0.0273
-77.1548 -0.028
-77.2503 -0.0287
-77.3437 -0.0294
-77.4351 -0.0301
-77.5247 -0.0308
-77.6124 -0.0315
-77.6983 -0.0322
-77.7824 -0.0329
-77.8649 -0.0336
-77.9457 -0.0343
-78.0248 -0.035
-62.2974 -0.0343
-47.7732 -0.0336
-34.7178 -0.0329
-23.1532 -0.0322
-12.9913 -0.0315
-4.097 -0.0308
3.67856 -0.0301
10.4802 -0.0294
16.4406 -0.0287
21.6771 -0.028
26.2915 -0.0273
30.371 -0.0266
33.9898 -0.0259
37.2109 -0.0252
40.0877 -0.0245
42.6655 -0.0238
44.9826 -0.0231
47.0718 -0.0224
48.9609 -0.0217
50.6739 -0.021
52.2312 -0.0203
53.6506 -0.0196
54.9472 -0.0189
56.1344 -0.0182
57.2235 -0.0175
58.2248 -0.0168
59.1468 -0.0161
59.9975 -0.0154
60.7835 -0.0147
61.5109 -0.014
62.1851 -0.0133
62.8106 -0.0126
63.3919 -0.0119
63.9325 -0.0112
64.4359 -0.0105
64.9052 -0.0098
65.3429 -0.0091
65.7516 -0.0084
66.1335 -0.0077
66.4905 -0.007
66.8246 -0.0063
67.1372 -0.0056
67.43 -0.0049
67.7043 -0.0042
67.9614 -0.0035
68.2024 -0.0028
68.4283 -0.0021
68.6401 -0.0014
68.8387 -0.0007
69.0249 2.77556e-17
69.1995 0.0007
69.3631 0.0014
69.5164 0.0021
69.66 0.0028
69.7945 0.0035
69.9202 0.0042
70.0378 0.0049
70.1477 0.0056
70.2502 0.0063
70.3458 0.007
70.4348 0.0077
70.5175 0.0084
70.5943 0.0091
70.6654 0.0098
70.7311 0.0105
70.7918 0.0112
70.8475 0.0119
70.8986 0.0126
70.9452 0.0133
70.9876 0.014
71.026 0.0147
71.0604 0.0154
71.0912 0.0161
71.1184 0.0168
71.1422 0.0175
71.1627 0.0182
71.1801 0.0189
71.1945 0.0196
71.2061 0.0203
71.2148 0.021
71.2209 0.0217
71.2245 0.0224
71.2255 0.0231
71.2243 0.0238
71.2207 0.0245
71.2149 0.0252
71.207 0.0259
71.1971 0.0266
71.1852 0.0273
71.1714 0.028
71.1558 0.0287
71.1384 0.0294
71.1192 0.0301
71.0985 0.0308
71.0761 0.0315
71.0522 0.0322
71.0267 0.0329
70.9998 0.0336
70.9716 0.0343
70.9419 0.035
57.6488 0.0343
45.237 0.0336
33.9362 0.0329
23.791 0.0322
14.7577 0.0315
6.74946 0.0308
-0.337105 0.0301
-6.60787 0.0294
-12.1632 0.0287
-17.0946 0.028
-21.4831 0.0273
-25.3996 0.0266
-28.9057 0.0259
-32.0542 0.0252
-34.8906 0.0245
-37.4541 0.0238
-39.778 0.0231
-41.8911 0.0224
-43.8183 0.0217
-45.581 0.021
-47.1975 0.0203
-48.684 0.0196
-50.0543 0.0189
-51.3207 0.0182
-52.4936 0.0175
-53.5826 0.0168
-54.5957 0.0161
-55.5401 0.0154
-56.4223 0.0147
-57.2478 0.014
-58.0218 0.0133
-58.7487 0.0126
-59.4325 0.0119
-60.0768 0.0112
-60.6847 0.0105
-61.2593 0.0098
-61.803 0.0091
-62.3182 0.0084
-62.8072 0.0077
-63.2717 0.007
-63.7135 0.0063
-64.1343 0.0056
-64.5355 0.0049
-64.9184 0.0042
-65.2842 0.0035
-65.634 0.0028
-65.9689 0.0021
-66.2898 0.0014
-66.5976 0.0007
-66.893 3.81639e-17
-67.1768 -0.0007
-67.4496 -0.0014
-67.7122 -0.0021
-67.965 -0.0028
-68.2086 -0.0035
-68.4435 -0.0042
-68.6702 -0.0049
-68.889 -0.0056
-69.1005 -0.0063
-69.305 -0.007
-69.5028 -0.0077
-69.6942 -0.0084
-69.8797 -0.0091
-70.0593 -0.0098
-70.2335 -0.0105
-70.4025 -0.0112
-70.5664 -0.0119
-70.7256 -0.0126
-70.8803 -0.0133
-71.0305 -0.014
-71.1766 -0.0147
-71.3187 -0.0154
-71.4569 -0.0161
-71.5915 -0.0168
-71.7225 -0.0175
-71.8501 -0.0182
-71.9744 -0.0189
-72.0956 -0.0196
-72.2138 -0.0203
-72.329 -0.021
-72.4415 -0.0217
-72.5512 -0.0224
-72.6583 -0.0231
-72.7629 -0.0238
-72.865 -0.0245
-72.9648 -0.0252
-73.0623 -0.0259
-73.1575 -0.0266
-73.2507 -0.0273
-73.3417 -0.028
-73.4308 -0.0287
-73.5179 -0.0294
-73.6031 -0.0301
-73.6865 -0.0308
-73.7681 -0.0315
-73.848 -0.0322
-73.9262 -0.0329
-74.0027 -0.0336
-74.0777 -0.0343
-74.1511 -0.035
-54.1231 -0.03405
-36.3928 -0.0331
-21.271 -0.03215
-8.5844 -0.0312
1.99491 -0.03025
10.8152 -0.0293
18.1921 -0.02835
24.3924 -0.0274
29.6344 -0.02645
34.0938 -0.0255
37.9112 -0.02455
41.199 -0.0236
44.0472 -0.02265
46.5281 -0.0217
48.7002 -0.02075
50.6111 -0.0198
52.2996 -0.01885
53.7977 -0.0179
55.1319 -0.01695
56.3243 -0.016
57.3933 -0.01505
58.3544 -0.0141
59.221 -0.01315
60.004 -0.0122
60.7132 -0.01125
61.3568 -0.0103
61.9419 -0.00935
62.4745 -0.0084
62.9602 -0.00745
63.4035 -0.0065
63.8086 -0.00555
64.179 -0.0046
64.518 -0.00365
64.8283 -0.0027
65.1125 -0.00175
65.3727 -0.0008
65.6111 0.00015
65.8292 0.0011
66.0289 0.00205
66.2114 0.003
66.3781 0.00395
66.5301 0.0049
66.6686 0.00585
66.7945 0.0068
66.9086 0.00775
67.0118 0.0087
67.1047 0.00965
67.1881 0.0106
67.2626 0.01155
67.3287 0.0125
67.387 0.01345
67.4379 0.0144
67.4818 0.01535
67.5192 0.0163
67.5504 0.01725
67.5758 0.0182
67.5957 0.01915
67.6104 0.0201
67.6202 0.02105
67.6253 0.022
67.626 0.02295
67.6225 0.0239
67.615 0.02485
67.6037 0.0258
67.5888 0.02675
67.5704 0.0277
67.5488 0.02865
67.524 0.0296
67.4963 0.03055
67.4656 0.0315
67.4323 0.03245
67.3963 0.0334
67.3579 0.03435
67.3171 0.0353
67.2751 0.03625
67.2323 0.0372
67.1888 0.03815
67.1446 0.0391
67.0998 0.04005
67.0545 0.041
67.0085 0.04195
66.9621 0.0429
66.9151 0.04385
66.8677 0.0448
66.8198 0.04575
66.7715 0.0467
66.7227 0.04765
66.6734 0.0486
66.6238 0.04955
66.5737 0.0505
66.5232 0.05145
66.4722 0.0524
66.4209 0.05335
66.3691 0.0543
66.3169 0.05525
66.2643 0.0562
66.2113 0.05715
66.1579 0.0581
66.1041 0.05905
66.0499 0.06
46.9325 0.0588
30.9343 0.0576
17.8262 0.0564
7.09708 0.0552
-1.73703 0.054
-9.07395 0.0528
-15.2258 0.0516
-20.4337 0.0504
-24.8832 0.0492
-28.7179 0.048
-32.0496 0.0468
-34.966 0.0456
-37.5367 0.0444
-39.817 0.0432
-41.8517 0.042
-43.6772 0.0408
-45.3233 0.0396
-46.8144 0.0384
-48.1711 0.0372
-49.4104 0.036
-50.5468 0.0348
-51.5923 0.0336
-52.5575 0.0324
-53.4512 0.0312
-54.2811 0.03
-55.0537 0.0288
-55.7749 0.0276
-56.4497 0.0264
-57.0825 0.0252
-57.6771 0.024
-58.2369 0.0228
-58.765 0.0216
-59.264 0.0204
-59.7363 0.0192
-60.1841 0.018
-60.6093 0.0168
-61.0135 0.0156
-61.3984 0.0144
-61.7653 0.0132
-62.1155 0.012
-62.4501 0.0108
-62.7701 0.0096
-63.0766 0.0084
-63.3703 0.0072
-63.6521 0.006
-63.9226 0.0048
-64.1826 0.0036
-64.4326 0.0024
-64.6732 0.0012
-64.905 2.0383e-17
-65.1283 -0.0012
-65.3437 -0.0024
-65.5514 -0.0036
-65.752 -0.0048
-65.9458 -0.006
-66.133 -0.0072
-66.314 -0.0084
-66.4891 -0.0096
-66.6584 -0.0108
-66.8224 -0.012
-66.9811 -0.0132
-67.1348 -0.0144
-67.2838 -0.0156
-67.4281 -0.0168
-67.5679 -0.018
-67.7035 -0.0192
-67.835 -0.0204
-67.9625 -0.0216
-68.0861 -0.0228
-68.206 -0.024
-68.3223 -0.0252
-68.4351 -0.0264
-68.5445 -0.0276
-68.6506 -0.0288
-68.7536 -0.03
-68.8534 -0.0312
-68.9502 -0.0324
-69.0441 -0.0336
-69.1351 -0.0348
-69.224 -0.036
-69.312 -0.0372
-69.3992 -0.0384
-69.4856 -0.0396
-69.5711 -0.0408
-69.6558 -0.042
-69.7397 -0.0432
-69.8227 -0.0444
-69.9048 -0.0456
-69.9861 -0.0468
-70.0665 -0.048
-70.146 -0.0492
-70.2245 -0.0504
-70.3022 -0.0516
-70.379 -0.0528
-70.4549 -0.054
-70.5298 -0.0552
-70.6038 -0.0564
-70.6769 -0.0576
-70.749 -0.0588
-70.8201 -0.06
-49.5238 -0.0588
-33.1308 -0.0576
-20.2723 -0.0564
-9.97487 -0.0552
-1.57391 -0.054
5.39098 -0.0528
11.246 -0.0516
16.2273 -0.0504
20.5097 -0.0492
24.225 -0.048
27.4742 -0.0468
30.3358 -0.0456
32.8719 -0.0444
35.1322 -0.0432
37.1567 -0.042
38.9783 -0.0408
40.6238 -0.0396
42.1157 -0.0384
43.4728 -0.0372
44.711 -0.036
45.8437 -0.0348
46.8825 -0.0336
47.8373 -0.0324
48.7166 -0.0312
49.5279 -0.03
50.2776 -0.0288
50.9716 -0.0276
51.6146 -0.0264
52.2113 -0.0252
52.7655 -0.024
53.2808 -0.0228
53.7601 -0.0216
54.2064 -0.0204
54.6221 -0.0192
55.0095 -0.018
55.3707 -0.0168
55.7074 -0.0156
56.0214 -0.0144
56.3142 -0.0132
56.5871 -0.012
56.8415 -0.0108
57.0785 -0.0096
57.2992 -0.0084
57.5045 -0.0072
57.6954 -0.006
57.8727 -0.0048
58.0371 -0.0036
58.1894 -0.0024
58.3303 -0.0012
58.4602 1.43115e-17
58.5799 0.0012
58.6898 0.0024
58.7904 0.0036
58.8822 0.0048
58.9656 0.006
59.041 0.0072
59.1088 0.0084
59.1693 0.0096
59.2229 0.0108
59.2699 0.012
59.3105 0.0132
59.3451 0.0144
59.3739 0.0156
59.3971 0.0168
59.415 0.018
59.4277 0.0192
59.4356 0.0204
59.4387 0.0216
59.4373 0.0228
59.4316 0.024
59.4216 0.0252
59.4077 0.0264
59.3898 0.0276
59.3682 0.0288
59.343 0.03
59.3143 0.0312
59.2822 0.0324
59.2469 0.0336
59.2084 0.0348
59.167 0.036
59.1226 0.0372
59.0753 0.0384
59.0254 0.0396
58.9727 0.0408
58.9175 0.042
58.8599 0.0432
58.7998 0.0444
58.7374 0.0456
58.6727 0.0468
58.6058 0.048
58.5368 0.0492
58.4657 0.0504
58.3926 0.0516
58.3176 0.0528
58.2407 0.054
58.1619 0.0552
58.0814 0.0564
57.9991 0.0576
57.9152 0.0588
57.8296 0.06
42.2628 0.0588
29.8802 0.0576
19.8929 0.0564
11.7024 0.0552
4.88055 0.054
-0.880154 0.0528
-5.80438 0.0516
-10.059 0.0504
-13.7703 0.0492
-17.035 0.048
-19.9286 0.0468
-22.5106 0.0456
-24.8288 0.0444
-26.9217 0.0432
-28.8205 0.042
-30.5512 0.0408
-32.1353 0.0396
-33.5908 0.0384
-34.933 0.0372
-36.1745 0.036
-37.3266 0.0348
-38.3987 0.0336
-39.3989 0.0324
-40.3343 0.0312
-41.2111 0.03
-42.0347 0.0288
-42.8099 0.0276
-43.5409 0.0264
-44.2315 0.0252
-44.8849 0.024
-45.5041 0.0228
-46.0918 0.0216
-46.6503 0.0204
-47.1817 0.0192
-47.6881 0.018
-48.171 0.0168
-48.6322 0.0156
-49.0731 0.0144
-49.4949 0.0132
-49.8988 0.012
-50.286 0.0108
-50.6574 0.0096
-51.014 0.0084
-51.3567 0.0072
-51.686 0.006
-52.0029 0.0048
-52.308 0.0036
-52.6018 0.0024
-52.8849 0.0012
-53.158 4.11997e-17
-53.4213 -0.0012
-53.6755 -0.0024
-53.9209 -0.0036
-54.158 -0.0048
-54.387 -0.006
-54.6083 -0.0072
-54.8223 -0.0084
-55.0293 -0.0096
-55.2295 -0.0108
-55.4232 -0.012
-55.6107 -0.0132
-55.7921 -0.0144
-55.9677 -0.0156
-56.1378 -0.0168
-56.3024 -0.018
-56.4619 -0.0192
-56.6163 -0.0204
-56.7658 -0.0216
-56.9105 -0.0228
-57.0508 -0.024
-57.1865 -0.0252
-57.318 -0.0264
-57.4452 -0.0276
-57.5684 -0.0288
-57.6876 -0.03
-57.803 -0.0312
-57.9146 -0.0324
-58.0225 -0.0336
-58.1268 -0.0348
-58.2277 -0.036
-58.3252 -0.0372
-58.4193 -0.0384
-58.5101 -0.0396
-58.5978 -0.0408
-58.6823 -0.042
-58.7638 -0.0432
-58.8423 -0.0444
-58.9178 -0.0456
-58.9904 -0.0468
-59.0602 -0.048
-59.1272 -0.0492
-59.1915 -0.0504
-59.253 -0.0516
-59.3119 -0.0528
-59.3682 -0.054
-59.4219 -0.0552
-59.4731 -0.0564
-59.5217 -0.0576
-59.5679 -0.0588
-59.6116 -0.06
-41.6858 -0.0588
-27.8872 -0.0576
-17.0637 -0.0564
-8.39601 -0.0552
-1.32477 -0.054
4.53752 -0.0528
9.46537 -0.0516
13.6576 -0.0504
17.2614 -0.0492
20.3875 -0.048
23.121 -0.0468
25.528 -0.0456
27.6609 -0.0444
29.5613 -0.0432
31.263 -0.042
32.7936 -0.0408
34.1758 -0.0396
35.4285 -0.0384
36.5674 -0.0372
37.6061 -0.036
38.5558 -0.0348
39.4262 -0.0336
40.2256 -0.0324
40.9614 -0.0312
41.6396 -0.03
42.2659 -0.0288
42.845 -0.0276
43.3811 -0.0264
43.8779 -0.0252
44.3388 -0.024
44.7668 -0.0228
45.1643 -0.0216
45.5338 -0.0204
45.8775 -0.0192
46.1971 -0.018
46.4945 -0.0168
46.7711 -0.0156
47.0285 -0.0144
47.2678 -0.0132
47.4903 -0.012
47.697 -0.0108
47.889 -0.0096
48.067 -0.0084
48.232 -0.0072
48.3847 -0.006
48.5258 -0.0048
48.6559 -0.0036
48.7757 -0.0024
48.8857 -0.0012
48.9864 3.51282e-17
49.0783 0.0012
49.1619 0.0024
49.2376 0.0036
49.3057 0.0048
49.3666 0.006
49.4206 0.0072
49.4682 0.0084
49.5095 0.0096
49.5448 0.0108
49.5745 0.012
49.5987 0.0132
49.6177 0.0144
49.6317 0.0156
49.6409 0.0168
49.6456 0.018
49.6458 0.0192
49.6418 0.0204
49.6337 0.0216
49.6217 0.0228
49.606 0.024
49.5866 0.0252
49.5637 0.0264
49.5375 0.0276
49.508 0.0288
49.4754 0.03
49.4397 0.0312
49.4012 0.0324
49.3598 0.0336
49.3157 0.0348
49.269 0.036
49.2197 0.0372
49.1679 0.0384
49.1138 0.0396
49.0574 0.0408
48.9987 0.042
48.9378 0.0432
48.8748 0.0444
48.8098 0.0456
48.7429 0.0468
48.6739 0.048
48.6032 0.0492
48.5306 0.0504
48.4562 0.0516
48.3802 0.0528
48.3025 0.054
48.2232 0.0552
48.1423 0.0564
48.0598 0.0576
47.9759 0.0588
47.8906 0.06
34.9992 0.0588
24.7447 0.0576
16.4738 0.0564
9.69093 0.0552
4.04161 0.054
-0.728849 0.0528
-4.80646 0.0516
-8.32942 0.0504
-11.4022 0.0492
-14.1049 0.048
-16.5002 0.0468
-18.6372 0.0456
-20.5555 0.0444
-22.287 0.0432
-23.8576 0.042
-25.2887 0.0408
-26.5983 0.0396
-27.8011 0.0384
-28.9098 0.0372
-29.935 0.036
-30.8858 0.0348
-31.7702 0.0336
-32.5948 0.0324
-33.3656 0.0312
-34.0876 0.03
-34.7654 0.0288
-35.4029 0.0276
-36.0035 0.0264
-36.5705 0.0252
-37.1064 0.024
-37.6138 0.0228
-38.0949 0.0216
-38.5516 0.0204
-38.9857 0.0192
-39.3988 0.018
-39.7923 0.0168
-40.1676 0.0156
-40.5258 0.0144
-40.868 0.0132
-41.1953 0.012
-41.5084 0.0108
-41.8083 0.0096
-42.0957 0.0084
-42.3713 0.0072
-42.6358 0.006
-42.8897 0.0048
-43.1335 0.0036
-43.3679 0.0024
-43.5932 0.0012
-43.8099 8.97719e-17
-44.0184 -0.0012
-44.2191 -0.0024
-44.4123 -0.0036
-44.5983 -0.0048
-44.7775 -0.006
-44.9502 -0.0072
-45.1165 -0.0084
-45.2768 -0.0096
-45.4313 -0.0108
-45.5802 -0.012
-45.7237 -0.0132
-45.862 -0.0144
-45.9952 -0.0156
-46.1237 -0.0168
-46.2474 -0.018
-46.3666 -0.0192
-46.4814 -0.0204
-46.592 -0.0216
-46.6984 -0.0228
-46.8008 -0.024
-46.8993 -0.0252
-46.994 -0.0264
-47.085 -0.0276
-47.1724 -0.0288
-47.2563 -0.03
-47.3367 -0.0312
-47.4139 -0.0324
-47.4877 -0.0336
-47.5584 -0.0348
-47.626 -0.036
-47.6905 -0.0372
-47.752 -0.0384
-47.8106 -0.0396
-47.8663 -0.0408
-47.9192 -0.042
-47.9693 -0.0432
-48.0167 -0.0444
-48.0614 -0.0456
-48.1035 -0.0468
-48.143 -0.048
-48.1799 -0.0492
-48.2143 -0.0504
-48.2463 -0.0516
-48.2758 -0.0528
-48.3028 -0.054
-48.3275 -0.0552
-48.3499 -0.0564
-48.3699 -0.0576
-48.3877 -0.0588
-48.4031 -0.06
-25.1863 -0.0579
-10.1497 -0.0558
0.196355 -0.0537
7.68478 -0.0516
13.3212 -0.0495
17.6951 -0.0474
21.1721 -0.0453
23.9903 -0.0432
26.311 -0.0411
28.2468 -0.039
29.8792 -0.0369
31.2679 -0.0348
32.458 -0.0327
33.4843 -0.0306
34.3737 -0.0285
35.1475 -0.0264
35.8229 -0.0243
36.4136 -0.0222
36.9311 -0.0201
37.3847 -0.018
37.7822 -0.0159
38.1303 -0.0138
38.4344 -0.0117
38.6994 -0.0096
38.9292 -0.0075
39.1275 -0.0054
39.2973 -0.0033
39.4411 -0.0012
39.5614 0.0009
39.6602 0.003
39.7393 0.0051
39.8002 0.0072
39.8445 0.0093
39.8734 0.0114
39.8881 0.0135
39.8895 0.0156
39.8787 0.0177
39.8564 0.0198
39.8233 0.0219
39.7803 0.024
39.728 0.0261
39.6668 0.0282
39.5974 0.0303
39.5202 0.0324
39.4356 0.0345
39.3442 0.0366
39.2462 0.0387
39.142 0.0408
39.0319 0.0429
38.9163 0.045
38.7955 0.0471
38.6696 0.0492
38.5389 0.0513
38.4037 0.0534
38.2642 0.0555
38.1205 0.0576
37.9729 0.0597
37.8223 0.0618
37.6701 0.0639
37.5162 0.066
37.3607 0.0681
37.2036 0.0702
37.045 0.0723
36.8849 0.0744
36.7232 0.0765
36.5601 0.0786
36.3955 0.0807
36.2294 0.0828
36.0619 0.0849
35.8929 0.087
35.7226 0.0891
35.5509 0.0912
35.3778 0.0933
35.2033 0.0954
35.0275 0.0975
34.8504 0.0996
34.6721 0.1017
34.4924 0.1038
34.3114 0.1059
34.1292 0.108
33.9458 0.1101
33.7612 0.1122
33.5753 0.1143
33.3883 0.1164
33.2001 0.1185
33.0107 0.1206
32.8202 0.1227
32.6285 0.1248
32.4357 0.1269
32.2419 0.129
32.0469 0.1311
31.8509 0.1332
31.6538 0.1353
31.4556 0.1374
31.2564 0.1395
31.0562 0.1416
30.855 0.1437
30.6528 0.1458
30.4496 0.1479
30.2454 0.15
