0.581279 -0.581279
1.16252 -1.16252
1.74373 -1.74373
2.32491 -2.32491
2.90605 -2.90605
3.48715 -3.48715
4.06822 -4.06822
4.64926 -4.64926
5.23026 -5.23026
5.81122 -5.81122
6.39215 -6.39215
6.97305 -6.97305
7.55391 -7.55391
8.13473 -8.13473
8.71553 -8.71553
9.29628 -9.29628
9.877 -9.877
10.4577 -10.4577
11.0383 -11.0383
11.619 -11.619
12.1995 -12.1995
12.7801 -12.7801
13.3606 -13.3606
13.9411 -13.9411
14.5215 -14.5215
15.1019 -15.1019
15.6822 -15.6822
16.2625 -16.2625
16.8428 -16.8428
17.423 -17.423
18.0032 -18.0032
18.5832 -18.5832
19.1633 -19.1633
19.7432 -19.7432
20.323 -20.323
20.9026 -20.9026
21.4822 -21.4822
22.0615 -22.0615
22.6406 -22.6406
23.2193 -23.2193
23.7978 -23.7978
24.3758 -24.3758
24.9533 -24.9533
25.5301 -25.5301
26.1062 -26.1062
26.6813 -26.6813
27.2553 -27.2553
27.8279 -27.8279
28.3988 -28.3988
28.9678 -28.9678
29.5345 -29.5345
30.0985 -30.0985
30.6592 -30.6592
31.2161 -31.2161
31.7687 -31.7687
32.3161 -32.3161
32.8576 -32.8576
33.3924 -33.3924
33.9196 -33.9196
34.438 -34.438
34.9467 -34.9467
35.4445 -35.4445
35.9303 -35.9303
36.4028 -36.4028
36.8609 -36.8609
37.3034 -37.3034
37.7293 -37.7293
38.1375 -38.1375
38.5272 -38.5272
38.8976 -38.8976
39.2483 -39.2483
39.5787 -39.5787
39.8888 -39.8888
40.1786 -40.1786
40.4483 -40.4483
40.6984 -40.6984
40.9292 -40.9292
41.1417 -41.1417
41.3366 -41.3366
41.5148 -41.5148
41.6773 -41.6773
41.8251 -41.8251
41.9593 -41.9593
42.0808 -42.0808
42.1907 -42.1907
42.2899 -42.2899
42.3794 -42.3794
42.4601 -42.4601
42.5327 -42.5327
42.598 -42.598
42.6567 -42.6567
42.7095 -42.7095
42.757 -42.757
42.7996 -42.7996
42.838 -42.838
42.8724 -42.8724
42.9034 -42.9034
42.9313 -42.9313
42.9564 -42.9564
42.979 -42.979
41.8778 -41.8778
40.7763 -40.7763
39.6748 -39.6748
38.5732 -38.5732
37.4715 -37.4715
36.3697 -36.3697
35.2679 -35.2679
34.166 -34.166
33.0643 -33.0643
31.9625 -31.9625
30.861 -30.861
29.7595 -29.7595
28.6583 -28.6583
27.5574 -27.5574
26.4569 -26.4569
25.3567 -25.3567
24.2571 -24.2571
23.158 -23.158
22.0595 -22.0595
20.9618 -20.9618
19.8648 -19.8648
18.7688 -18.7688
17.6737 -17.6737
16.5798 -16.5798
15.487 -15.487
14.3956 -14.3956
13.3056 -13.3056
12.217 -12.217
11.1302 -11.1302
10.0451 -10.0451
8.96187 -8.96187
7.88069 -7.88069
6.80167 -6.80167
5.72494 -5.72494
4.65064 -4.65064
3.57892 -3.57892
2.50993 -2.50993
1.44383 -1.44383
0.380754 -0.380754
-0.679122 0.679122
-1.73564 1.73564
-2.78863 2.78863
-3.83792 3.83792
-4.88334 4.88334
-5.92471 5.92471
-6.96185 6.96185
-7.99457 7.99457
-9.02269 9.02269
-10.046 10.046
-11.0643 11.0643
-12.0775 12.0775
-13.0852 13.0852
-14.0873 14.0873
-15.0836 15.0836
-16.0739 16.0739
-17.058 17.058
-18.0355 18.0355
-19.0064 19.0064
-19.9704 19.9704
-20.9272 20.9272
-21.8766 21.8766
-22.8184 22.8184
-23.7523 23.7523
-24.6782 24.6782
-25.5956 25.5956
-26.5045 26.5045
-27.4045 27.4045
-28.2953 28.2953
-29.1768 29.1768
-30.0486 30.0486
-30.9105 30.9105
-31.7622 31.7622
-32.6034 32.6034
-33.4339 33.4339
-34.2533 34.2533
-35.0614 35.0614
-35.8579 35.8579
-36.6425 36.6425
-37.415 37.415
-38.1749 38.1749
-38.922 38.922
-39.656 39.656
-40.3767 40.3767
-41.0836 41.0836
-41.7764 41.7764
-42.4549 42.4549
-43.1188 43.1188
-43.1705 43.1705
-43.2057 43.2057
-43.235 43.235
-43.2596 43.2596
-43.2804 43.2804
-43.298 43.298
-43.3132 43.3132
-43.3263 43.3263
-43.3378 43.3378
-43.3479 43.3479
-43.3569 43.3569
-43.365 43.365
-43.3723 43.3723
-42.259 42.259
-41.146 41.146
-40.0334 40.0334
-38.9214 38.9214
-37.8103 37.8103
-36.7001 36.7001
-35.591 35.591
-34.4833 34.4833
-33.377 33.377
-32.2724 32.2724
-31.1695 31.1695
-30.0687 30.0687
-28.97 28.97
-27.8736 27.8736
-26.7797 26.7797
-25.6885 25.6885
-24.6001 24.6001
-23.5146 23.5146
-22.4323 22.4323
-21.3534 21.3534
-20.2779 20.2779
-19.206 19.206
-18.1379 18.1379
-17.0737 17.0737
-16.0137 16.0137
-14.9579 14.9579
-13.9066 13.9066
-12.8598 12.8598
-11.8178 11.8178
-10.7806 10.7806
-9.74839 9.74839
-8.72138 8.72138
-7.69968 7.69968
-6.68343 6.68343
-5.67277 5.67277
-4.66784 4.66784
-3.66878 3.66878
-2.67571 2.67571
-1.68878 1.68878
-0.708119 0.708119
0.266154 -0.266154
1.23391 -1.23391
2.19502 -2.19502
3.14937 -3.14937
4.09683 -4.09683
5.0373 -5.0373
5.97064 -5.97064
6.89676 -6.89676
7.81554 -7.81554
8.72687 -8.72687
9.63064 -9.63064
10.5268 -10.5268
11.4151 -11.4151
12.2956 -12.2956
13.1682 -13.1682
14.0327 -14.0327
14.8891 -14.8891
15.7372 -15.7372
16.577 -16.577
17.4085 -17.4085
18.2314 -18.2314
19.0458 -19.0458
19.8516 -19.8516
20.6487 -20.6487
21.437 -21.437
22.2164 -22.2164
22.9869 -22.9869
23.7485 -23.7485
24.501 -24.501
25.2444 -25.2444
25.9786 -25.9786
26.7036 -26.7036
27.4194 -27.4194
28.1258 -28.1258
28.8229 -28.8229
29.5106 -29.5106
30.1888 -30.1888
30.8576 -30.8576
31.5168 -31.5168
32.1664 -32.1664
32.8064 -32.8064
33.4368 -33.4368
34.0576 -34.0576
34.6686 -34.6686
35.27 -35.27
35.8615 -35.8615
36.4434 -36.4434
37.0154 -37.0154
37.5777 -37.5777
38.1301 -38.1301
38.6727 -38.6727
39.2055 -39.2055
39.7284 -39.7284
40.2414 -40.2414
40.7446 -40.7446
41.238 -41.238
41.7214 -41.7214
42.195 -42.195
42.6587 -42.6587
43.1126 -43.1126
42.0115 -42.0115
40.9102 -40.9102
39.809 -39.809
38.7079 -38.7079
37.6069 -37.6069
36.5062 -36.5062
35.4059 -35.4059
34.3061 -34.3061
33.2069 -33.2069
32.1085 -32.1085
31.0109 -31.0109
29.9144 -29.9144
28.819 -28.819
27.7248 -27.7248
26.6321 -26.6321
25.541 -25.541
24.4515 -24.4515
23.3639 -23.3639
22.2783 -22.2783
21.1949 -21.1949
20.1138 -20.1138
19.0352 -19.0352
17.9592 -17.9592
16.886 -16.886
15.8158 -15.8158
14.7488 -14.7488
13.685 -13.685
12.6247 -12.6247
11.5681 -11.5681
10.5152 -10.5152
9.46643 -9.46643
8.42179 -8.42179
7.38151 -7.38151
6.34578 -6.34578
5.31477 -5.31477
4.28867 -4.28867
3.26766 -3.26766
2.25194 -2.25194
1.2417 -1.2417
0.237114 -0.237114
-0.761612 0.761612
-1.75429 1.75429
-2.74072 2.74072
-3.72071 3.72071
-4.69405 4.69405
-5.66056 5.66056
-6.62004 6.62004
-7.57227 7.57227
-8.51705 8.51705
-9.45419 9.45419
-10.3835 10.3835
-11.3047 11.3047
-12.2177 12.2177
-13.1222 13.1222
-14.018 14.018
-14.9049 14.9049
-15.7827 15.7827
-16.6511 16.6511
-17.5101 17.5101
-18.3593 18.3593
-19.1985 19.1985
-20.0275 20.0275
-20.8462 20.8462
-21.6542 21.6542
-22.4513 22.4513
-23.2375 23.2375
-24.0123 24.0123
-24.7756 24.7756
-25.5272 25.5272
-26.2668 26.2668
-26.9942 26.9942
-27.7092 27.7092
-28.4116 28.4116
-29.1011 29.1011
-29.7775 29.7775
-30.4406 30.4406
-31.0902 31.0902
-31.7259 31.7259
-32.3476 32.3476
-32.9551 32.9551
-33.548 33.548
-34.1263 34.1263
-34.6896 34.6896
-35.2376 35.2376
-35.7703 35.7703
-36.2872 36.2872
-36.7883 36.7883
-37.2732 37.2732
-37.7417 37.7417
-38.1936 38.1936
-38.6285 38.6285
-39.0464 39.0464
-39.4469 39.4469
-39.8298 39.8298
-40.1948 40.1948
-40.5418 40.5418
-40.8704 40.8704
-41.1804 41.1804
-41.4715 41.4715
-41.7436 41.7436
-40.6304 40.6304
-39.5173 39.5173
-38.4043 38.4043
-37.2914 37.2914
-36.1788 36.1788
-35.0663 35.0663
-33.954 33.954
-32.8419 32.8419
-31.7301 31.7301
-30.6185 30.6185
-29.5073 29.5073
-28.3965 28.3965
-27.2861 27.2861
-26.1762 26.1762
-25.0668 25.0668
-23.9581 23.9581
-22.8501 22.8501
-21.7428 21.7428
-20.6365 20.6365
-19.5311 19.5311
-18.4268 18.4268
-17.3237 17.3237
-16.2218 16.2218
-15.1215 15.1215
-14.0226 14.0226
-12.9255 12.9255
-11.8302 11.8302
-10.7369 10.7369
-9.64579 9.64579
-8.55697 8.55697
-7.47065 7.47065
-6.38701 6.38701
-5.30623 5.30623
-4.22851 4.22851
-3.15406 3.15406
-2.08309 2.08309
-1.01583 1.01583
0.047517 -0.047517
1.1067 -1.1067
2.16147 -2.16147
3.21159 -3.21159
4.25679 -4.25679
5.29681 -5.29681
6.33136 -6.33136
7.36018 -7.36018
8.38296 -8.38296
9.39941 -9.39941
10.4092 -10.4092
11.4121 -11.4121
12.4076 -12.4076
13.3956 -13.3956
14.3756 -14.3756
15.3472 -15.3472
16.3102 -16.3102
17.2642 -17.2642
18.2088 -18.2088
19.1436 -19.1436
20.0682 -20.0682
20.9822 -20.9822
21.8852 -21.8852
22.7768 -22.7768
23.6565 -23.6565
24.524 -24.524
25.3788 -25.3788
26.2203 -26.2203
27.0483 -27.0483
27.8621 -27.8621
28.6614 -28.6614
29.4455 -29.4455
30.2141 -30.2141
30.9666 -30.9666
31.7026 -31.7026
32.4214 -32.4214
33.1225 -33.1225
33.8054 -33.8054
34.4696 -34.4696
35.1145 -35.1145
35.7396 -35.7396
36.3441 -36.3441
36.9276 -36.9276
37.4895 -37.4895
38.0292 -38.0292
38.5459 -38.5459
39.0393 -39.0393
39.5084 -39.5084
39.9529 -39.9529
40.3719 -40.3719
40.7649 -40.7649
41.1311 -41.1311
41.47 -41.47
41.7807 -41.7807
42.0627 -42.0627
42.3151 -42.3151
42.5373 -42.5373
42.7287 -42.7287
42.8883 -42.8883
43.0155 -43.0155
43.1096 -43.1096
43.1698 -43.1698
43.1953 -43.1953
42.0942 -42.0942
40.993 -40.993
39.8918 -39.8918
38.7907 -38.7907
37.6898 -37.6898
36.5891 -36.5891
35.4888 -35.4888
34.389 -34.389
33.2898 -33.2898
32.1914 -32.1914
31.0938 -31.0938
29.9972 -29.9972
28.9017 -28.9017
27.8075 -27.8075
26.7147 -26.7147
25.6234 -25.6234
24.5338 -24.5338
23.446 -23.446
22.3603 -22.3603
21.2766 -21.2766
20.1953 -20.1953
19.1164 -19.1164
18.0401 -18.0401
16.9666 -16.9666
15.8961 -15.8961
14.8287 -14.8287
13.7645 -13.7645
12.7038 -12.7038
11.6467 -11.6467
10.5935 -10.5935
9.54415 -9.54415
8.49899 -8.49899
7.45817 -7.45817
6.42186 -6.42186
5.39025 -5.39025
4.36352 -4.36352
3.34186 -3.34186
2.32546 -2.32546
1.31451 -1.31451
0.309189 -0.309189
-0.690298 0.690298
-1.68376 1.68376
-2.671 2.671
-3.65183 3.65183
-4.62604 4.62604
-5.59344 5.59344
-6.55383 6.55383
-7.507 7.507
-8.45274 8.45274
-9.39087 9.39087
-10.3212 10.3212
-11.2434 11.2434
-12.1574 12.1574
-13.063 13.063
-13.9599 13.9599
-14.8479 14.8479
-15.7268 15.7268
-16.5964 16.5964
-17.4565 17.4565
-18.3069 18.3069
-19.1473 19.1473
-19.9775 19.9775
-20.7974 20.7974
-21.6066 21.6066
-22.405 22.405
-23.1924 23.1924
-23.9684 23.9684
-24.733 24.733
-25.4859 25.4859
-26.2268 26.2268
-26.9555 26.9555
-27.6718 27.6718
-28.3754 28.3754
-29.0662 29.0662
-29.7439 29.7439
-30.4083 30.4083
-31.0591 31.0591
-31.6961 31.6961
-32.3191 32.3191
-32.9278 32.9278
-33.522 33.522
-34.1015 34.1015
-34.666 34.666
-35.2152 35.2152
-35.7491 35.7491
-36.2672 36.2672
-36.7694 36.7694
-37.2554 37.2554
-37.725 37.725
-38.178 38.178
-38.614 38.614
-39.0329 39.0329
-39.4344 39.4344
-39.8183 39.8183
-40.1843 40.1843
-40.5321 40.5321
-40.8616 40.8616
-41.1724 41.1724
-41.4643 41.4643
-41.7372 41.7372
-38.3979 38.3979
-35.0601 35.0601
-31.724 31.724
-28.3905 28.3905
-25.061 25.061
-21.7372 21.7372
-18.4212 18.4212
-15.116 15.116
-11.8249 11.8249
-8.55183 8.55183
-5.30123 5.30123
-2.07824 2.07824
1.1114 -1.1114
4.26133 -4.26133
7.36456 -7.36456
10.4134 -10.4134
13.3996 -13.3996
16.3141 -16.3141
19.1472 -19.1472
21.8886 -21.8886
24.5272 -24.5272
27.0512 -27.0512
29.4482 -29.4482
31.705 -31.705
33.8075 -33.8075
35.7413 -35.7413
37.4909 -37.4909
39.0402 -39.0402
40.3725 -40.3725
41.4701 -41.4701
42.3147 -42.3147
42.8874 -42.8874
43.1683 -43.1683
43.2001 -43.2001
43.2061 -43.2061
43.2097 -43.2097
43.2118 -43.2118
43.2132 -43.2132
43.2139 -43.2139
43.2144 -43.2144
43.2146 -43.2146
43.2146 -43.2146
43.2146 -43.2146
43.2144 -43.2144
43.2143 -43.2143
43.2141 -43.2141
43.2138 -43.2138
43.2135 -43.2135
43.2132 -43.2132
43.2129 -43.2129
43.2126 -43.2126
43.2123 -43.2123
43.2119 -43.2119
43.2116 -43.2116
43.2112 -43.2112
43.2108 -43.2108
43.2104 -43.2104
43.21 -43.21
43.2096 -43.2096
43.2091 -43.2091
43.2087 -43.2087
43.2083 -43.2083
43.2078 -43.2078
43.2074 -43.2074
43.2069 -43.2069
43.2064 -43.2064
43.2059 -43.2059
43.2054 -43.2054
43.2049 -43.2049
43.2044 -43.2044
43.2039 -43.2039
43.2033 -43.2033
43.2315 -43.2315
43.3529 -43.3529
43.5699 -43.5699
43.8818 -43.8818
44.2227 -44.2227
44.561 -44.561
44.8966 -44.8966
45.2295 -45.2295
45.5598 -45.5598
45.8874 -45.8874
46.2124 -46.2124
46.5349 -46.5349
46.8547 -46.8547
47.172 -47.172
47.4867 -47.4867
47.7989 -47.7989
48.1086 -48.1086
48.4158 -48.4158
48.7205 -48.7205
49.0228 -49.0228
49.3226 -49.3226
49.62 -49.62
49.915 -49.915
50.2075 -50.2075
50.4977 -50.4977
50.7855 -50.7855
51.071 -51.071
51.3541 -51.3541
46.3363 -46.3363
41.3692 -41.3692
36.4985 -36.4985
31.763 -31.763
27.1947 -27.1947
22.8179 -22.8179
18.65 -18.65
14.7015 -14.7015
10.9771 -10.9771
7.47656 -7.47656
4.19549 -4.19549
1.12653 -1.12653
-1.7399 1.7399
-4.41484 4.41484
-6.91015 6.91015
-9.23806 9.23806
-11.4108 11.4108
-13.4402 13.4402
-15.3378 15.3378
-17.1143 17.1143
-18.78 18.78
-20.3442 20.3442
-21.8157 21.8157
-23.2024 23.2024
-24.5118 24.5118
-25.7504 25.7504
-26.9245 26.9245
-28.0396 28.0396
-29.1007 29.1007
-30.1124 30.1124
-31.0788 31.0788
-32.0038 32.0038
-32.8907 32.8907
-33.7428 33.7428
-34.5627 34.5627
-35.353 35.353
-36.1162 36.1162
-36.8542 36.8542
-37.5691 37.5691
-38.2626 38.2626
-38.9363 38.9363
-39.5917 39.5917
-40.23 40.23
-40.8526 40.8526
-41.4606 41.4606
-42.055 42.055
-42.6367 42.6367
-43.2065 43.2065
-43.7654 43.7654
-44.3141 44.3141
-44.8531 44.8531
-45.3832 45.3832
-45.9049 45.9049
-46.4187 46.4187
-46.9252 46.9252
-47.4247 47.4247
-47.9178 47.9178
-48.4048 48.4048
-48.8861 48.8861
-49.362 49.362
-49.8328 49.8328
-50.2989 50.2989
-50.7604 50.7604
-51.2178 51.2178
-51.6711 51.6711
-52.1206 52.1206
-52.5665 52.5665
-53.0091 53.0091
-53.4485 53.4485
-53.8848 53.8848
-54.3183 54.3183
-54.7491 54.7491
-55.1773 55.1773
-55.603 55.603
-56.0265 56.0265
-56.4477 56.4477
-56.8669 56.8669
-57.2841 57.2841
-57.6994 57.6994
-58.1129 58.1129
-58.5247 58.5247
-58.9349 58.9349
-59.3435 59.3435
-59.7507 59.7507
-60.1552 60.1552
-60.5547 60.5547
-60.9491 60.9491
-61.3386 61.3386
-61.7231 61.7231
-62.1027 62.1027
-62.4776 62.4776
-62.8477 62.8477
-63.213 63.213
-63.5737 63.5737
-63.9298 63.9298
-64.2813 64.2813
-64.6283 64.6283
-64.9709 64.9709
-65.309 65.309
-65.6427 65.6427
-60.4106 60.4106
-55.2268 55.2268
-50.1289 50.1289
-45.1487 45.1487
-40.313 40.313
-35.6436 35.6436
-31.1567 31.1567
-26.864 26.864
-22.7727 22.7727
-18.886 18.886
-15.2037 15.2037
-11.7229 11.7229
-8.43836 8.43836
-5.34332 5.34332
-2.42971 2.42971
0.311357 -0.311357
2.88923 -2.88923
5.31347 -5.31347
7.59365 -7.59365
9.73916 -9.73916
11.7591 -11.7591
13.6622 -13.6622
15.4568 -15.4568
17.1507 -17.1507
18.7512 -18.7512
20.2653 -20.2653
21.6993 -21.6993
23.0593 -23.0593
24.3505 -24.3505
25.5783 -25.5783
26.7472 -26.7472
27.8617 -27.8617
28.9256 -28.9256
29.9426 -29.9426
30.9162 -30.9162
31.8495 -31.8495
32.7452 -32.7452
33.6061 -33.6061
34.4345 -34.4345
35.2327 -35.2327
36.0028 -36.0028
36.7466 -36.7466
37.4659 -37.4659
38.1622 -38.1622
38.8372 -38.8372
39.4921 -39.4921
40.1282 -40.1282
40.7468 -40.7468
41.3488 -41.3488
41.9353 -41.9353
42.5072 -42.5072
43.0655 -43.0655
43.6108 -43.6108
44.144 -44.144
44.6657 -44.6657
45.1766 -45.1766
45.6774 -45.6774
46.1684 -46.1684
46.6504 -46.6504
47.1237 -47.1237
47.5888 -47.5888
48.0462 -48.0462
48.4963 -48.4963
48.9393 -48.9393
49.3758 -49.3758
49.8059 -49.8059
50.2301 -50.2301
50.6486 -50.6486
51.0616 -51.0616
51.4695 -51.4695
51.8724 -51.8724
52.2706 -52.2706
52.6644 -52.6644
53.0538 -53.0538
53.4392 -53.4392
53.8206 -53.8206
54.1983 -54.1983
54.5724 -54.5724
54.943 -54.943
55.3104 -55.3104
55.6745 -55.6745
56.0357 -56.0357
56.3939 -56.3939
56.7493 -56.7493
57.102 -57.102
57.4521 -57.4521
57.7997 -57.7997
58.1449 -58.1449
58.4879 -58.4879
58.8285 -58.8285
59.1671 -59.1671
59.5035 -59.5035
59.838 -59.838
60.1705 -60.1705
60.5011 -60.5011
60.83 -60.83
61.1571 -61.1571
61.4825 -61.4825
61.8063 -61.8063
62.1285 -62.1285
57.1325 -57.1325
52.1736 -52.1736
47.2851 -47.2851
42.4959 -42.4959
37.8307 -37.8307
33.3099 -33.3099
28.9494 -28.9494
24.7612 -24.7612
20.7534 -20.7534
16.9305 -16.9305
13.294 -13.294
9.84282 -9.84282
6.57378 -6.57378
3.48194 -3.48194
0.561073 -0.561073
-2.19595 2.19595
-4.79691 4.79691
-7.24995 7.24995
-9.56337 9.56337
-11.7455 11.7455
-13.8044 13.8044
-15.7481 15.7481
-17.5842 17.5842
-19.32 19.32
-20.9624 20.9624
-22.5179 22.5179
-23.9926 23.9926
-25.3922 25.3922
-26.7221 26.7221
-27.9871 27.9871
-29.192 29.192
-30.3409 30.3409
-31.4379 31.4379
-32.4866 32.4866
-33.4904 33.4904
-34.4524 34.4524
-35.3754 35.3754
-36.2623 36.2623
-37.1154 37.1154
-37.9369 37.9369
-38.7292 38.7292
-39.4939 39.4939
-40.2331 40.2331
-40.9483 40.9483
-41.641 41.641
-42.3128 42.3128
-42.9649 42.9649
-43.5985 43.5985
-44.2149 44.2149
-44.815 44.815
-45.3998 45.3998
-45.9702 45.9702
-46.5272 46.5272
-47.0714 47.0714
-47.6037 47.6037
-48.1246 48.1246
-48.6349 48.6349
-49.1351 49.1351
-49.6258 49.6258
-50.1076 50.1076
-50.5808 50.5808
-51.046 51.046
-51.5036 51.5036
-51.9539 51.9539
-52.3975 52.3975
-52.8345 52.8345
-53.2654 53.2654
-53.6905 53.6905
-54.11 54.11
-54.5242 54.5242
-54.9334 54.9334
-55.3378 55.3378
-55.7377 55.7377
-56.1332 56.1332
-56.5247 56.5247
-56.9122 56.9122
-57.2959 57.2959
-57.6761 57.6761
-58.0529 58.0529
-58.4264 58.4264
-58.7968 58.7968
-59.1642 59.1642
-59.5287 59.5287
-59.8906 59.8906
-60.2498 60.2498
-60.6066 60.6066
-60.961 60.961
-61.3131 61.3131
-61.663 61.663
-62.0108 62.0108
-62.3566 62.3566
-62.7005 62.7005
-63.0425 63.0425
-63.3828 63.3828
-63.7213 63.7213
-64.0583 64.0583
-64.3936 64.3936
-64.7275 64.7275
-65.0599 65.0599
-65.3909 65.3909
-60.1788 60.1788
-55.015 55.015
-49.9366 49.9366
-44.9755 44.9755
-40.1584 40.1584
-35.5068 35.5068
-31.0372 31.0372
-26.761 26.761
-22.6854 22.6854
-18.8136 18.8136
-15.1454 15.1454
-11.6779 11.6779
-8.40598 8.40598
-5.32282 5.32282
-2.42039 2.42039
0.310162 -0.310162
2.87814 -2.87814
5.29309 -5.29309
7.56452 -7.56452
9.7018 -9.7018
11.714 -11.714
13.6098 -13.6098
15.3975 -15.3975
17.0849 -17.0849
18.6793 -18.6793
20.1876 -20.1876
21.6161 -21.6161
22.9708 -22.9708
24.2571 -24.2571
25.4802 -25.4802
26.6446 -26.6446
27.7548 -27.7548
28.8146 -28.8146
29.8277 -29.8277
30.7976 -30.7976
31.7273 -31.7273
32.6196 -32.6196
33.4771 -33.4771
34.3024 -34.3024
35.0975 -35.0975
35.8646 -35.8646
36.6056 -36.6056
37.3221 -37.3221
38.0158 -38.0158
38.6881 -38.6881
39.3405 -39.3405
39.9742 -39.9742
40.5904 -40.5904
41.1901 -41.1901
41.7743 -41.7743
42.3441 -42.3441
42.9002 -42.9002
43.4434 -43.4434
43.9746 -43.9746
44.4943 -44.4943
45.0032 -45.0032
45.502 -45.502
45.9912 -45.9912
46.4713 -46.4713
46.9428 -46.9428
47.4061 -47.4061
47.8618 -47.8618
48.3101 -48.3101
48.7514 -48.7514
49.1862 -49.1862
49.6147 -49.6147
50.0372 -50.0372
50.4541 -50.4541
50.8655 -50.8655
51.2718 -51.2718
51.6732 -51.6732
52.0699 -52.0699
52.4622 -52.4622
52.8501 -52.8501
53.234 -53.234
53.6139 -53.6139
53.9901 -53.9901
54.3628 -54.3628
54.732 -54.732
55.0979 -55.0979
55.4607 -55.4607
55.8204 -55.8204
56.1772 -56.1772
56.5313 -56.5313
56.8826 -56.8826
57.2314 -57.2314
57.5777 -57.5777
57.9215 -57.9215
58.2631 -58.2631
58.6025 -58.6025
58.9397 -58.9397
59.2749 -59.2749
59.608 -59.608
59.9393 -59.9393
60.2686 -60.2686
60.5962 -60.5962
60.922 -60.922
61.2462 -61.2462
61.5687 -61.5687
61.8897 -61.8897
56.9129 -56.9129
51.973 -51.973
47.1033 -47.1033
42.3326 -42.3326
37.6853 -37.6853
33.1818 -33.1818
28.8381 -28.8381
24.666 -24.666
20.6736 -20.6736
16.8654 -16.8654
13.2429 -13.2429
9.80499 -9.80499
6.54851 -6.54851
3.46855 -3.46855
0.558916 -0.558916
-2.18751 2.18751
-4.77847 4.77847
-7.22208 7.22208
-9.5266 9.5266
-11.7003 11.7003
-13.7513 13.7513
-15.6876 15.6876
-17.5167 17.5167
-19.2458 19.2458
-20.8819 20.8819
-22.4314 22.4314
-23.9004 23.9004
-25.2946 25.2946
-26.6193 26.6193
-27.8795 27.8795
-29.0798 29.0798
-30.2243 30.2243
-31.3171 31.3171
-32.3617 32.3617
-33.3616 33.3616
-34.3199 34.3199
-35.2394 35.2394
-36.1229 36.1229
-36.9727 36.9727
-37.7911 37.7911
-38.5803 38.5803
-39.3421 39.3421
-40.0784 40.0784
-40.7908 40.7908
-41.4809 41.4809
-42.1501 42.1501
-42.7997 42.7997
-43.4309 43.4309
-44.0449 44.0449
-44.6426 44.6426
-45.2252 45.2252
-45.7935 45.7935
-46.3483 46.3483
-46.8904 46.8904
-47.4206 47.4206
-47.9395 47.9395
-48.4478 48.4478
-48.9461 48.9461
-49.435 49.435
-49.9148 49.9148
-50.3862 50.3862
-50.8497 50.8497
-51.3055 51.3055
-51.7541 51.7541
-52.1959 52.1959
-52.6313 52.6313
-53.0605 53.0605
-53.4839 53.4839
-53.9018 53.9018
-54.3144 54.3144
-54.722 54.722
-55.1249 55.1249
-55.5232 55.5232
-55.9173 55.9173
-56.3072 56.3072
-56.6932 56.6932
-57.0755 57.0755
-57.4542 57.4542
-57.8295 57.8295
-58.2015 58.2015
-58.5705 58.5705
-58.9365 58.9365
-59.2996 59.2996
-59.6601 59.6601
-60.0179 60.0179
-60.3733 60.3733
-60.7263 60.7263
-61.0771 61.0771
-61.4256 61.4256
-61.7721 61.7721
-62.1165 62.1165
-62.4591 62.4591
-62.7998 62.7998
-63.1387 63.1387
-63.476 63.476
-63.8116 63.8116
-64.1457 64.1457
-64.4782 64.4782
-64.8093 64.8093
-65.1391 65.1391
-57.3666 57.3666
-49.7442 49.7442
-42.3836 42.3836
-35.3701 35.3701
-28.7631 28.7631
-22.598 22.598
-16.8889 16.8889
-11.6329 11.6329
-6.81494 6.81494
-2.41106 2.41106
1.60766 -1.60766
5.2727 -5.2727
8.61604 -8.61604
11.6689 -11.6689
14.4608 -14.4608
17.0191 -17.0191
19.3689 -19.3689
21.5328 -21.5328
23.5312 -23.5312
25.382 -25.382
27.1014 -27.1014
28.7036 -28.7036
30.2011 -30.2011
31.6051 -31.6051
32.9252 -32.9252
34.1702 -34.1702
35.3478 -35.3478
36.4646 -36.4646
37.5266 -37.5266
38.5391 -38.5391
39.5069 -39.5069
40.434 -40.434
41.3243 -41.3243
42.1809 -42.1809
43.007 -43.007
43.8051 -43.8051
44.5776 -44.5776
45.3267 -45.3267
46.0542 -46.0542
46.7619 -46.7619
47.4513 -47.4513
48.1239 -48.1239
48.7809 -48.7809
49.4235 -49.4235
50.0527 -50.0527
50.6695 -50.6695
51.2747 -51.2747
51.8692 -51.8692
52.4537 -52.4537
53.0287 -53.0287
53.5951 -53.5951
54.1532 -54.1532
54.7036 -54.7036
55.2468 -55.2468
55.7832 -55.7832
56.3133 -56.3133
56.8373 -56.8373
57.3556 -57.3556
57.8686 -57.8686
58.3765 -58.3765
58.8795 -58.8795
59.3781 -59.3781
59.8723 -59.8723
60.3624 -60.3624
60.8486 -60.8486
61.3311 -61.3311
61.8097 -61.8097
62.2793 -62.2793
62.7385 -62.7385
63.1875 -63.1875
63.6265 -63.6265
64.0556 -64.0556
64.4751 -64.4751
64.8851 -64.8851
65.2857 -65.2857
65.6773 -65.6773
66.0598 -66.0598
66.4335 -66.4335
66.7986 -66.7986
67.1553 -67.1553
67.5036 -67.5036
67.8437 -67.8437
68.1758 -68.1758
68.5 -68.5
68.8166 -68.8166
69.1256 -69.1256
69.4271 -69.4271
69.7214 -69.7214
70.0085 -70.0085
70.2887 -70.2887
70.562 -70.562
70.8285 -70.8285
71.0885 -71.0885
71.342 -71.342
71.5892 -71.5892
71.8301 -71.8301
72.065 -72.065
72.2939 -72.2939
72.5169 -72.5169
72.7342 -72.7342
63.3374 -63.3374
54.1372 -54.1372
45.2765 -45.2765
36.8574 -36.8574
28.947 -28.947
21.5819 -21.5819
14.7739 -14.7739
8.5154 -8.5154
2.78537 -2.78537
-2.44637 2.44637
-7.21516 7.21516
-11.5587 11.5587
-15.5148 15.5148
-19.1203 19.1203
-22.4098 22.4098
-25.4156 25.4156
-28.167 28.167
-30.6908 30.6908
-33.0109 33.0109
-35.1488 35.1488
-37.1237 37.1237
-38.9524 38.9524
-40.6502 40.6502
-42.2305 42.2305
-43.7051 43.7051
-45.0845 45.0845
-46.3782 46.3782
-47.5945 47.5945
-48.7407 48.7407
-49.8234 49.8234
-50.8485 50.8485
-51.8212 51.8212
-52.7463 52.7463
-53.6278 53.6278
-54.4696 54.4696
-55.2751 55.2751
-56.0472 56.0472
-56.7887 56.7887
-57.5021 57.5021
-58.1897 58.1897
-58.8534 58.8534
-59.4951 59.4951
-60.1164 60.1164
-60.7189 60.7189
-61.304 61.304
-61.8728 61.8728
-62.4266 62.4266
-62.9665 62.9665
-63.4933 63.4933
-64.0079 64.0079
-64.5113 64.5113
-65.004 65.004
-65.4869 65.4869
-65.9605 65.9605
-66.4255 66.4255
-66.8823 66.8823
-67.3315 67.3315
-67.7736 67.7736
-68.2089 68.2089
-68.6379 68.6379
-69.0609 69.0609
-69.4783 69.4783
-69.8904 69.8904
-70.2975 70.2975
-70.6999 70.6999
-71.0978 71.0978
-71.4915 71.4915
-71.8812 71.8812
-72.2672 72.2672
-72.6496 72.6496
-73.0286 73.0286
-73.4044 73.4044
-73.7771 73.7771
-74.147 74.147
-74.5141 74.5141
-74.8748 74.8748
-75.2257 75.2257
-75.5669 75.5669
-75.8987 75.8987
-76.2214 76.2214
-76.5352 76.5352
-76.8403 76.8403
-77.137 77.137
-77.4254 77.4254
-77.7058 77.7058
-77.9784 77.9784
-78.2435 78.2435
-78.5012 78.5012
-78.7517 78.7517
-78.9952 78.9952
-79.232 79.232
-79.4622 79.4622
-79.686 79.686
-79.9035 79.9035
-80.115 80.115
-80.3207 80.3207
-80.5207 80.5207
-80.7152 80.7152
-80.9043 80.9043
-81.0882 81.0882
-70.947 70.947
-61.0462 61.0462
-51.5215 51.5215
-42.4641 42.4641
-33.9312 33.9312
-25.9532 25.9532
-18.5387 18.5387
-11.6804 11.6804
-5.35918 5.35918
0.451969 -0.451969
5.78466 -5.78466
10.6729 -10.6729
15.1514 -15.1514
19.2543 -19.2543
23.0142 -23.0142
26.462 -26.462
29.6264 -29.6264
32.5337 -32.5337
35.2081 -35.2081
37.6714 -37.6714
39.9437 -39.9437
42.0427 -42.0427
43.9846 -43.9846
45.784 -45.784
47.4538 -47.4538
49.006 -49.006
50.4509 -50.4509
51.798 -51.798
53.0559 -53.0559
54.2323 -54.2323
55.334 -55.334
56.3672 -56.3672
57.3377 -57.3377
58.2504 -58.2504
59.1101 -59.1101
59.9207 -59.9207
60.6862 -60.6862
61.4098 -61.4098
62.0949 -62.0949
62.7441 -62.7441
63.3602 -63.3602
63.9454 -63.9454
64.5019 -64.5019
65.0316 -65.0316
65.5365 -65.5365
66.0182 -66.0182
66.4781 -66.4781
66.9177 -66.9177
67.3383 -67.3383
67.7411 -67.7411
68.1272 -68.1272
68.4976 -68.4976
68.8532 -68.8532
69.195 -69.195
69.5236 -69.5236
69.8399 -69.8399
70.1446 -70.1446
70.4383 -70.4383
70.7216 -70.7216
70.9951 -70.9951
71.2593 -71.2593
71.5147 -71.5147
71.7617 -71.7617
72.0008 -72.0008
72.2324 -72.2324
72.4568 -72.4568
72.6744 -72.6744
72.8855 -72.8855
73.0905 -73.0905
73.2896 -73.2896
73.4831 -73.4831
73.6712 -73.6712
73.8542 -73.8542
74.0324 -74.0324
74.2059 -74.2059
74.3749 -74.3749
74.5397 -74.5397
74.7003 -74.7003
74.8571 -74.8571
75.0101 -75.0101
75.1595 -75.1595
75.3054 -75.3054
75.448 -75.448
75.5874 -75.5874
75.7238 -75.7238
75.8572 -75.8572
75.9877 -75.9877
76.1156 -76.1156
76.2408 -76.2408
76.3634 -76.3634
76.4836 -76.4836
76.6015 -76.6015
76.717 -76.717
76.8304 -76.8304
76.9416 -76.9416
77.0508 -77.0508
77.158 -77.158
77.2633 -77.2633
77.3668 -77.3668
77.4684 -77.4684
68.2246 -68.2246
59.1655 -59.1655
50.4101 -50.4101
42.0403 -42.0403
34.1107 -34.1107
26.6529 -26.6529
19.6803 -19.6803
13.1918 -13.1918
7.17558 -7.17558
1.61239 -1.61239
-3.52201 3.52201
-8.25473 8.25473
-12.6142 12.6142
-16.6288 16.6288
-20.3265 20.3265
-23.734 23.734
-26.8763 26.8763
-29.7768 29.7768
-32.4571 32.4571
-34.9369 34.9369
-37.2344 37.2344
-39.366 39.366
-41.3465 41.3465
-43.1896 43.1896
-44.9074 44.9074
-46.5108 46.5108
-48.0099 48.0099
-49.4137 49.4137
-50.7302 50.7302
-51.9667 51.9667
-53.13 53.13
-54.226 54.226
-55.2601 55.2601
-56.2372 56.2372
-57.1619 57.1619
-58.0381 58.0381
-58.8696 58.8696
-59.6596 59.6596
-60.4113 60.4113
-61.1275 61.1275
-61.8106 61.8106
-62.463 62.463
-63.0869 63.0869
-63.6842 63.6842
-64.2567 64.2567
-64.806 64.806
-65.3337 65.3337
-65.8412 65.8412
-66.3297 66.3297
-66.8004 66.8004
-67.2544 67.2544
-67.6928 67.6928
-68.1165 68.1165
-68.5263 68.5263
-68.9231 68.9231
-69.3077 69.3077
-69.6806 69.6806
-70.0426 70.0426
-70.3942 70.3942
-70.7361 70.7361
-71.0688 71.0688
-71.3927 71.3927
-71.7083 71.7083
-72.0161 72.0161
-72.3164 72.3164
-72.6096 72.6096
-72.896 72.896
-73.1761 73.1761
-73.4501 73.4501
-73.7183 73.7183
-73.981 73.981
-74.2384 74.2384
-74.4908 74.4908
-74.7385 74.7385
-74.9815 74.9815
-75.2202 75.2202
-75.4548 75.4548
-75.6853 75.6853
-75.912 75.912
-76.1351 76.1351
-76.3547 76.3547
-76.5709 76.5709
-76.7839 76.7839
-76.9939 76.9939
-77.2009 77.2009
-77.405 77.405
-77.6064 77.6064
-77.8053 77.8053
-78.0016 78.0016
-78.1954 78.1954
-78.387 78.387
-78.5763 78.5763
-78.7635 78.7635
-78.9486 78.9486
-79.1317 79.1317
-79.3129 79.3129
-79.4922 79.4922
-79.6697 79.6697
-79.8455 79.8455
-80.0196 80.0196
-70.0324 70.0324
-60.2814 60.2814
-50.9001 50.9001
-41.9779 41.9779
-33.5713 33.5713
-25.7103 25.7103
-18.4035 18.4035
-11.6438 11.6438
-5.41251 5.41251
0.316749 -0.316749
5.57501 -5.57501
10.3957 -10.3957
14.8128 -14.8128
18.8599 -18.8599
22.5691 -22.5691
25.9707 -25.9707
29.0929 -29.0929
31.9617 -31.9617
34.6009 -34.6009
37.032 -37.032
39.2745 -39.2745
41.3463 -41.3463
43.263 -43.263
45.0392 -45.0392
46.6875 -46.6875
48.2197 -48.2197
49.646 -49.646
50.9759 -50.9759
52.2176 -52.2176
53.3789 -53.3789
54.4665 -54.4665
55.4865 -55.4865
56.4445 -56.4445
57.3455 -57.3455
58.194 -58.194
58.9942 -58.9942
59.7498 -59.7498
60.4641 -60.4641
61.1403 -61.1403
61.7811 -61.7811
62.3891 -62.3891
62.9666 -62.9666
63.5158 -63.5158
64.0385 -64.0385
64.5367 -64.5367
65.012 -65.012
65.4658 -65.4658
65.8995 -65.8995
66.3144 -66.3144
66.7118 -66.7118
67.0926 -67.0926
67.4579 -67.4579
67.8086 -67.8086
68.1456 -68.1456
68.4697 -68.4697
68.7816 -68.7816
69.082 -69.082
69.3715 -69.3715
69.6508 -69.6508
69.9203 -69.9203
70.1807 -70.1807
70.4324 -70.4324
70.6758 -70.6758
70.9113 -70.9113
71.1395 -71.1395
71.3605 -71.3605
71.5749 -71.5749
71.7828 -71.7828
71.9847 -71.9847
72.1807 -72.1807
72.3712 -72.3712
72.5564 -72.5564
72.7366 -72.7366
72.9119 -72.9119
73.0826 -73.0826
73.249 -73.249
73.4111 -73.4111
73.5691 -73.5691
73.7233 -73.7233
73.8738 -73.8738
74.0207 -74.0207
74.1642 -74.1642
74.3044 -74.3044
74.4414 -74.4414
74.5755 -74.5755
74.7066 -74.7066
74.8349 -74.8349
74.9604 -74.9604
75.0834 -75.0834
75.2039 -75.2039
75.322 -75.322
75.4377 -75.4377
75.5512 -75.5512
75.6625 -75.6625
75.7717 -75.7717
75.8788 -75.8788
75.984 -75.984
76.0873 -76.0873
76.1888 -76.1888
76.2885 -76.2885
67.1863 -67.1863
58.266 -58.266
49.6446 -49.6446
41.4029 -41.4029
33.5947 -33.5947
26.251 -26.251
19.385 -19.385
12.9957 -12.9957
7.07137 -7.07137
1.59315 -1.59315
-3.46286 3.46286
-8.12335 8.12335
-12.4163 12.4163
-16.3697 16.3697
-20.011 20.011
-23.3665 23.3665
-26.4609 26.4609
-29.3172 29.3172
-31.9566 31.9566
-34.3987 34.3987
-36.6612 36.6612
-38.7603 38.7603
-40.7107 40.7107
-42.5256 42.5256
-44.2172 44.2172
-45.7962 45.7962
-47.2725 47.2725
-48.6548 48.6548
-49.9512 49.9512
-51.169 51.169
-52.3145 52.3145
-53.3937 53.3937
-54.4121 54.4121
-55.3743 55.3743
-56.2848 56.2848
-57.1476 57.1476
-57.9664 57.9664
-58.7443 58.7443
-59.4845 59.4845
-60.1897 60.1897
-60.8623 60.8623
-61.5048 61.5048
-62.1191 62.1191
-62.7072 62.7072
-63.2709 63.2709
-63.8118 63.8118
-64.3313 64.3313
-64.8309 64.8309
-65.3119 65.3119
-65.7754 65.7754
-66.2224 66.2224
-66.654 66.654
-67.0711 67.0711
-67.4746 67.4746
-67.8652 67.8652
-68.2438 68.2438
-68.6109 68.6109
-68.9673 68.9673
-69.3135 69.3135
-69.65 69.65
-69.9775 69.9775
-70.2963 70.2963
-70.607 70.607
-70.9099 70.9099
-71.2055 71.2055
-71.4941 71.4941
-71.776 71.776
-72.0517 72.0517
-72.3214 72.3214
-72.5853 72.5853
-72.8438 72.8438
-73.0972 73.0972
-73.3456 73.3456
-73.5893 73.5893
-73.8285 73.8285
-74.0633 74.0633
-74.2941 74.2941
-74.521 74.521
-74.7441 74.7441
-74.9636 74.9636
-75.1796 75.1796
-75.3924 75.3924
-75.6019 75.6019
-75.8085 75.8085
-76.0121 76.0121
-76.213 76.213
-76.4111 76.4111
-76.6067 76.6067
-76.7998 76.7998
-76.9905 76.9905
-77.179 77.179
-77.3652 77.3652
-77.5493 77.5493
-77.7313 77.7313
-77.9114 77.9114
-78.0896 78.0896
-78.266 78.266
-78.4406 78.4406
-78.6135 78.6135
-78.7847 78.7847
-65.316 65.316
-52.3842 52.3842
-40.267 40.267
-29.1154 29.1154
-18.9892 18.9892
-9.88269 9.88269
-1.74764 1.74764
5.48872 -5.48872
11.9106 -11.9106
17.6048 -17.6048
22.6551 -22.6551
27.1393 -27.1393
31.1279 -31.1279
34.6833 -34.6833
37.8606 -37.8606
40.7077 -40.7077
43.2662 -43.2662
45.5719 -45.5719
47.656 -47.656
49.5452 -49.5452
51.2628 -51.2628
52.8286 -52.8286
54.2602 -54.2602
55.5725 -55.5725
56.7787 -56.7787
57.89 -57.89
58.9166 -58.9166
59.8671 -59.8671
60.7493 -60.7493
61.5697 -61.5697
62.3344 -62.3344
63.0486 -63.0486
63.717 -63.717
64.3438 -64.3438
64.9325 -64.9325
65.4866 -65.4866
66.0089 -66.0089
66.5021 -66.5021
66.9685 -66.9685
67.4103 -67.4103
67.8294 -67.8294
68.2276 -68.2276
68.6064 -68.6064
68.9672 -68.9672
69.3114 -69.3114
69.6401 -69.6401
69.9544 -69.9544
70.2553 -70.2553
70.5436 -70.5436
70.8203 -70.8203
71.086 -71.086
71.3414 -71.3414
71.5872 -71.5872
71.824 -71.824
72.0523 -72.0523
72.2726 -72.2726
72.4854 -72.4854
72.6911 -72.6911
72.89 -72.89
73.0827 -73.0827
73.2693 -73.2693
73.4503 -73.4503
73.6258 -73.6258
73.7963 -73.7963
73.9619 -73.9619
74.1229 -74.1229
74.2796 -74.2796
74.432 -74.432
74.5805 -74.5805
74.7251 -74.7251
74.8662 -74.8662
75.0037 -75.0037
75.1378 -75.1378
75.265 -75.265
75.3842 -75.3842
75.4957 -75.4957
75.6001 -75.6001
75.6974 -75.6974
75.7882 -75.7882
75.8727 -75.8727
75.9511 -75.9511
76.0238 -76.0238
76.091 -76.091
76.153 -76.153
76.2101 -76.2101
76.2624 -76.2624
76.3103 -76.3103
76.3539 -76.3539
76.3935 -76.3935
76.4292 -76.4292
76.4613 -76.4613
76.4899 -76.4899
76.5152 -76.5152
76.5374 -76.5374
76.5567 -76.5567
76.5732 -76.5732
76.5871 -76.5871
76.5984 -76.5984
76.6074 -76.6074
76.6142 -76.6142
61.8676 -61.8676
47.9193 -47.9193
35.091 -35.091
23.5043 -23.5043
13.163 -13.163
4.00191 -4.00191
-4.07912 4.07912
-11.1941 11.1941
-17.4575 17.4575
-22.9772 22.9772
-27.8508 27.8508
-32.1649 32.1649
-35.9948 35.9948
-39.4056 39.4056
-42.4531 42.4531
-45.1851 45.1851
-47.6424 47.6424
-49.8601 49.8601
-51.8678 51.8678
-53.6914 53.6914
-55.3526 55.3526
-56.8705 56.8705
-58.2614 58.2614
-59.5394 59.5394
-60.7167 60.7167
-61.8042 61.8042
-62.811 62.811
-63.7454 63.7454
-64.6145 64.6145
-65.4246 65.4246
-66.1813 66.1813
-66.8896 66.8896
-67.5538 67.5538
-68.1777 68.1777
-68.765 68.765
-69.3186 69.3186
-69.8414 69.8414
-70.3358 70.3358
-70.8042 70.8042
-71.2485 71.2485
-71.6705 71.6705
-72.072 72.072
-72.4544 72.4544
-72.8191 72.8191
-73.1673 73.1673
-73.5002 73.5002
-73.8188 73.8188
-74.1241 74.1241
-74.4169 74.4169
-74.698 74.698
-74.9682 74.9682
-75.2281 75.2281
-75.4783 75.4783
-75.7195 75.7195
-75.9521 75.9521
-76.1767 76.1767
-76.3937 76.3937
-76.6035 76.6035
-76.8066 76.8066
-77.0032 77.0032
-77.1937 77.1937
-77.3784 77.3784
-77.5577 77.5577
-77.7318 77.7318
-77.9009 77.9009
-78.0653 78.0653
-78.2253 78.2253
-78.3809 78.3809
-78.5325 78.5325
-78.6802 78.6802
-78.8242 78.8242
-78.9646 78.9646
-79.1016 79.1016
-79.2353 79.2353
-79.366 79.366
-79.4936 79.4936
-79.6184 79.6184
-79.7404 79.7404
-79.8596 79.8596
-79.9757 79.9757
-80.0886 80.0886
-80.1987 80.1987
-80.306 80.306
-80.411 80.411
-80.5136 80.5136
-80.6142 80.6142
-80.7128 80.7128
-80.8097 80.8097
-80.905 80.905
-80.9988 80.9988
-81.0912 81.0912
-81.1824 81.1824
-81.2725 81.2725
-81.3615 81.3615
-81.4496 81.4496
-81.5369 81.5369
-81.6234 81.6234
-81.7091 81.7091
-81.7942 81.7942
-81.8787 81.8787
-65.3705 65.3705
-50.1255 50.1255
-36.4225 36.4225
-24.2844 24.2844
-13.6189 13.6189
-4.28396 4.28396
3.87669 -3.87669
11.0151 -11.0151
17.2706 -17.2706
22.7662 -22.7662
27.609 -27.609
31.8903 -31.8903
35.6882 -35.6882
39.0687 -39.0687
42.0879 -42.0879
44.7932 -44.7932
47.225 -47.225
49.4177 -49.4177
51.4005 -51.4005
53.1984 -53.1984
54.833 -54.833
56.3229 -56.3229
57.6839 -57.6839
58.9301 -58.9301
60.0735 -60.0735
61.1247 -61.1247
62.0928 -62.0928
62.9859 -62.9859
63.8113 -63.8113
64.5752 -64.5752
65.2832 -65.2832
65.9403 -65.9403
66.5509 -66.5509
67.1189 -67.1189
67.6478 -67.6478
68.1409 -68.1409
68.601 -68.601
69.0306 -69.0306
69.4321 -69.4321
69.8076 -69.8076
70.1589 -70.1589
70.4878 -70.4878
70.7959 -70.7959
71.0846 -71.0846
71.3552 -71.3552
71.609 -71.609
71.847 -71.847
72.0702 -72.0702
72.2795 -72.2795
72.4759 -72.4759
72.6601 -72.6601
72.8328 -72.8328
72.9947 -72.9947
73.1464 -73.1464
73.2885 -73.2885
73.4215 -73.4215
73.546 -73.546
73.6624 -73.6624
73.7711 -73.7711
73.8725 -73.8725
73.967 -73.967
74.055 -74.055
74.1367 -74.1367
74.2125 -74.2125
74.2827 -74.2827
74.3475 -74.3475
74.4073 -74.4073
74.4621 -74.4621
74.5123 -74.5123
74.558 -74.558
74.5996 -74.5996
74.637 -74.637
74.6706 -74.6706
74.7004 -74.7004
74.7267 -74.7267
74.7496 -74.7496
74.7693 -74.7693
74.7857 -74.7857
74.7992 -74.7992
74.8098 -74.8098
74.8176 -74.8176
74.8227 -74.8227
74.8253 -74.8253
74.8254 -74.8254
74.8231 -74.8231
74.8185 -74.8185
74.8117 -74.8117
74.8027 -74.8027
74.7917 -74.7917
74.7788 -74.7788
74.7639 -74.7639
74.7471 -74.7471
74.7286 -74.7286
74.7083 -74.7083
74.6864 -74.6864
74.6629 -74.6629
74.6378 -74.6378
74.6111 -74.6111
74.5831 -74.5831
74.5536 -74.5536
60.5837 -60.5837
47.54 -47.54
35.6638 -35.6638
25.0021 -25.0021
15.5089 -15.5089
7.09299 -7.09299
-0.354372 0.354372
-6.94441 6.94441
-12.7826 12.7826
-17.9651 17.9651
-22.5771 22.5771
-26.6931 26.6931
-30.3778 30.3778
-33.6867 33.6867
-36.6678 36.6678
-39.3619 39.3619
-41.8043 41.8043
-44.0253 44.0253
-46.0509 46.0509
-47.9036 47.9036
-49.6027 49.6027
-51.1652 51.1652
-52.6057 52.6057
-53.9369 53.9369
-55.17 55.17
-56.3148 56.3148
-57.38 57.38
-58.373 58.373
-59.3006 59.3006
-60.1687 60.1687
-60.9827 60.9827
-61.7471 61.7471
-62.4664 62.4664
-63.1441 63.1441
-63.7836 63.7836
-64.3881 64.3881
-64.9602 64.9602
-65.5025 65.5025
-66.017 66.017
-66.506 66.506
-66.9711 66.9711
-67.4141 67.4141
-67.8366 67.8366
-68.2398 68.2398
-68.6251 68.6251
-68.9937 68.9937
-69.3466 69.3466
-69.6848 69.6848
-70.0092 70.0092
-70.3206 70.3206
-70.6199 70.6199
-70.9077 70.9077
-71.1846 71.1846
-71.4514 71.4514
-71.7085 71.7085
-71.9565 71.9565
-72.1959 72.1959
-72.4271 72.4271
-72.6505 72.6505
-72.8666 72.8666
-73.0757 73.0757
-73.2781 73.2781
-73.4742 73.4742
-73.6644 73.6644
-73.8487 73.8487
-74.0276 74.0276
-74.2013 74.2013
-74.37 74.37
-74.5339 74.5339
-74.6932 74.6932
-74.8481 74.8481
-74.9989 74.9989
-75.1457 75.1457
-75.2886 75.2886
-75.4278 75.4278
-75.5634 75.5634
-75.6957 75.6957
-75.8246 75.8246
-75.9504 75.9504
-76.0731 76.0731
-76.1929 76.1929
-76.3099 76.3099
-76.4242 76.4242
-76.5358 76.5358
-76.6448 76.6448
-76.7514 76.7514
-76.8556 76.8556
-76.9576 76.9576
-77.0573 77.0573
-77.1548 77.1548
-77.2503 77.2503
-77.3437 77.3437
-77.4351 77.4351
-77.5247 77.5247
-77.6124 77.6124
-77.6983 77.6983
-77.7824 77.7824
-77.8649 77.8649
-77.9457 77.9457
-78.0248 78.0248
-62.2974 62.2974
-47.7732 47.7732
-34.7178 34.7178
-23.1532 23.1532
-12.9913 12.9913
-4.097 4.097
3.67856 -3.67856
10.4802 -10.4802
16.4406 -16.4406
21.6771 -21.6771
26.2915 -26.2915
30.371 -30.371
33.9898 -33.9898
37.2109 -37.2109
40.0877 -40.0877
42.6655 -42.6655
44.9826 -44.9826
47.0718 -47.0718
48.9609 -48.9609
50.6739 -50.6739
52.2312 -52.2312
53.6506 -53.6506
54.9472 -54.9472
56.1344 -56.1344
57.2235 -57.2235
58.2248 -58.2248
59.1468 -59.1468
59.9975 -59.9975
60.7835 -60.7835
61.5109 -61.5109
62.1851 -62.1851
62.8106 -62.8106
63.3919 -63.3919
63.9325 -63.9325
64.4359 -64.4359
64.9052 -64.9052
65.3429 -65.3429
65.7516 -65.7516
66.1335 -66.1335
66.4905 -66.4905
66.8246 -66.8246
67.1372 -67.1372
67.43 -67.43
67.7043 -67.7043
67.9614 -67.9614
68.2024 -68.2024
68.4283 -68.4283
68.6401 -68.6401
68.8387 -68.8387
69.0249 -69.0249
69.1995 -69.1995
69.3631 -69.3631
69.5164 -69.5164
69.66 -69.66
69.7945 -69.7945
69.9202 -69.9202
70.0378 -70.0378
70.1477 -70.1477
70.2502 -70.2502
70.3458 -70.3458
70.4348 -70.4348
70.5175 -70.5175
70.5943 -70.5943
70.6654 -70.6654
70.7311 -70.7311
70.7918 -70.7918
70.8475 -70.8475
70.8986 -70.8986
70.9452 -70.9452
70.9876 -70.9876
71.026 -71.026
71.0604 -71.0604
71.0912 -71.0912
71.1184 -71.1184
71.1422 -71.1422
71.1627 -71.1627
71.1801 -71.1801
71.1945 -71.1945
71.2061 -71.2061
71.2148 -71.2148
71.2209 -71.2209
71.2245 -71.2245
71.2255 -71.2255
71.2243 -71.2243
71.2207 -71.2207
71.2149 -71.2149
71.207 -71.207
71.1971 -71.1971
71.1852 -71.1852
71.1714 -71.1714
71.1558 -71.1558
71.1384 -71.1384
71.1192 -71.1192
71.0985 -71.0985
71.0761 -71.0761
71.0522 -71.0522
71.0267 -71.0267
70.9998 -70.9998
70.9716 -70.9716
70.9419 -70.9419
57.6488 -57.6488
45.237 -45.237
33.9362 -33.9362
23.791 -23.791
14.7577 -14.7577
6.74946 -6.74946
-0.337105 0.337105
-6.60787 6.60787
-12.1632 12.1632
-17.0946 17.0946
-21.4831 21.4831
-25.3996 25.3996
-28.9057 28.9057
-32.0542 32.0542
-34.8906 34.8906
-37.4541 37.4541
-39.778 39.778
-41.8911 41.8911
-43.8183 43.8183
-45.581 45.581
-47.1975 47.1975
-48.684 48.684
-50.0543 50.0543
-51.3207 51.3207
-52.4936 52.4936
-53.5826 53.5826
-54.5957 54.5957
-55.5401 55.5401
-56.4223 56.4223
-57.2478 57.2478
-58.0218 58.0218
-58.7487 58.7487
-59.4325 59.4325
-60.0768 60.0768
-60.6847 60.6847
-61.2593 61.2593
-61.803 61.803
-62.3182 62.3182
-62.8072 62.8072
-63.2717 63.2717
-63.7135 63.7135
-64.1343 64.1343
-64.5355 64.5355
-64.9184 64.9184
-65.2842 65.2842
-65.634 65.634
-65.9689 65.9689
-66.2898 66.2898
-66.5976 66.5976
-66.893 66.893
-67.1768 67.1768
-67.4496 67.4496
-67.7122 67.7122
-67.965 67.965
-68.2086 68.2086
-68.4435 68.4435
-68.6702 68.6702
-68.889 68.889
-69.1005 69.1005
-69.305 69.305
-69.5028 69.5028
-69.6942 69.6942
-69.8797 69.8797
-70.0593 70.0593
-70.2335 70.2335
-70.4025 70.4025
-70.5664 70.5664
-70.7256 70.7256
-70.8803 70.8803
-71.0305 71.0305
-71.1766 71.1766
-71.3187 71.3187
-71.4569 71.4569
-71.5915 71.5915
-71.7225 71.7225
-71.8501 71.8501
-71.9744 71.9744
-72.0956 72.0956
-72.2138 72.2138
-72.329 72.329
-72.4415 72.4415
-72.5512 72.5512
-72.6583 72.6583
-72.7629 72.7629
-72.865 72.865
-72.9648 72.9648
-73.0623 73.0623
-73.1575 73.1575
-73.2507 73.2507
-73.3417 73.3417
-73.4308 73.4308
-73.5179 73.5179
-73.6031 73.6031
-73.6865 73.6865
-73.7681 73.7681
-73.848 73.848
-73.9262 73.9262
-74.0027 74.0027
-74.0777 74.0777
-74.1511 74.1511
-54.1231 54.1231
-36.3928 36.3928
-21.271 21.271
-8.5844 8.5844
1.99491 -1.99491
10.8152 -10.8152
18.1921 -18.1921
24.3924 -24.3924
29.6344 -29.6344
34.0938 -34.0938
37.9112 -37.9112
41.199 -41.199
44.0472 -44.0472
46.5281 -46.5281
48.7002 -48.7002
50.6111 -50.6111
52.2996 -52.2996
53.7977 -53.7977
55.1319 -55.1319
56.3243 -56.3243
57.3933 -57.3933
58.3544 -58.3544
59.221 -59.221
60.004 -60.004
60.7132 -60.7132
61.3568 -61.3568
61.9419 -61.9419
62.4745 -62.4745
62.9602 -62.9602
63.4035 -63.4035
63.8086 -63.8086
64.179 -64.179
64.518 -64.518
64.8283 -64.8283
65.1125 -65.1125
65.3727 -65.3727
65.6111 -65.6111
65.8292 -65.8292
66.0289 -66.0289
66.2114 -66.2114
66.3781 -66.3781
66.5301 -66.5301
66.6686 -66.6686
66.7945 -66.7945
66.9086 -66.9086
67.0118 -67.0118
67.1047 -67.1047
67.1881 -67.1881
67.2626 -67.2626
67.3287 -67.3287
67.387 -67.387
67.4379 -67.4379
67.4818 -67.4818
67.5192 -67.5192
67.5504 -67.5504
67.5758 -67.5758
67.5957 -67.5957
67.6104 -67.6104
67.6202 -67.6202
67.6253 -67.6253
67.626 -67.626
67.6225 -67.6225
67.615 -67.615
67.6037 -67.6037
67.5888 -67.5888
67.5704 -67.5704
67.5488 -67.5488
67.524 -67.524
67.4963 -67.4963
67.4656 -67.4656
67.4323 -67.4323
67.3963 -67.3963
67.3579 -67.3579
67.3171 -67.3171
67.2751 -67.2751
67.2323 -67.2323
67.1888 -67.1888
67.1446 -67.1446
67.0998 -67.0998
67.0545 -67.0545
67.0085 -67.0085
66.9621 -66.9621
66.9151 -66.9151
66.8677 -66.8677
66.8198 -66.8198
66.7715 -66.7715
66.7227 -66.7227
66.6734 -66.6734
66.6238 -66.6238
66.5737 -66.5737
66.5232 -66.5232
66.4722 -66.4722
66.4209 -66.4209
66.3691 -66.3691
66.3169 -66.3169
66.2643 -66.2643
66.2113 -66.2113
66.1579 -66.1579
66.1041 -66.1041
66.0499 -66.0499
46.9325 -46.9325
30.9343 -30.9343
17.8262 -17.8262
7.09708 -7.09708
-1.73703 1.73703
-9.07395 9.07395
-15.2258 15.2258
-20.4337 20.4337
-24.8832 24.8832
-28.7179 28.7179
-32.0496 32.0496
-34.966 34.966
-37.5367 37.5367
-39.817 39.817
-41.8517 41.8517
-43.6772 43.6772
-45.3233 45.3233
-46.8144 46.8144
-48.1711 48.1711
-49.4104 49.4104
-50.5468 50.5468
-51.5923 51.5923
-52.5575 52.5575
-53.4512 53.4512
-54.2811 54.2811
-55.0537 55.0537
-55.7749 55.7749
-56.4497 56.4497
-57.0825 57.0825
-57.6771 57.6771
-58.2369 58.2369
-58.765 58.765
-59.264 59.264
-59.7363 59.7363
-60.1841 60.1841
-60.6093 60.6093
-61.0135 61.0135
-61.3984 61.3984
-61.7653 61.7653
-62.1155 62.1155
-62.4501 62.4501
-62.7701 62.7701
-63.0766 63.0766
-63.3703 63.3703
-63.6521 63.6521
-63.9226 63.9226
-64.1826 64.1826
-64.4326 64.4326
-64.6732 64.6732
-64.905 64.905
-65.1283 65.1283
-65.3437 65.3437
-65.5514 65.5514
-65.752 65.752
-65.9458 65.9458
-66.133 66.133
-66.314 66.314
-66.4891 66.4891
-66.6584 66.6584
-66.8224 66.8224
-66.9811 66.9811
-67.1348 67.1348
-67.2838 67.2838
-67.4281 67.4281
-67.5679 67.5679
-67.7035 67.7035
-67.835 67.835
-67.9625 67.9625
-68.0861 68.0861
-68.206 68.206
-68.3223 68.3223
-68.4351 68.4351
-68.5445 68.5445
-68.6506 68.6506
-68.7536 68.7536
-68.8534 68.8534
-68.9502 68.9502
-69.0441 69.0441
-69.1351 69.1351
-69.224 69.224
-69.312 69.312
-69.3992 69.3992
-69.4856 69.4856
-69.5711 69.5711
-69.6558 69.6558
-69.7397 69.7397
-69.8227 69.8227
-69.9048 69.9048
-69.9861 69.9861
-70.0665 70.0665
-70.146 70.146
-70.2245 70.2245
-70.3022 70.3022
-70.379 70.379
-70.4549 70.4549
-70.5298 70.5298
-70.6038 70.6038
-70.6769 70.6769
-70.749 70.749
-70.8201 70.8201
-49.5238 49.5238
-33.1308 33.1308
-20.2723 20.2723
-9.97487 9.97487
-1.57391 1.57391
5.39098 -5.39098
11.246 -11.246
16.2273 -16.2273
20.5097 -20.5097
24.225 -24.225
27.4742 -27.4742
30.3358 -30.3358
32.8719 -32.8719
35.1322 -35.1322
37.1567 -37.1567
38.9783 -38.9783
40.6238 -40.6238
42.1157 -42.1157
43.4728 -43.4728
44.711 -44.711
45.8437 -45.8437
46.8825 -46.8825
47.8373 -47.8373
48.7166 -48.7166
49.5279 -49.5279
50.2776 -50.2776
50.9716 -50.9716
51.6146 -51.6146
52.2113 -52.2113
52.7655 -52.7655
53.2808 -53.2808
53.7601 -53.7601
54.2064 -54.2064
54.6221 -54.6221
55.0095 -55.0095
55.3707 -55.3707
55.7074 -55.7074
56.0214 -56.0214
56.3142 -56.3142
56.5871 -56.5871
56.8415 -56.8415
57.0785 -57.0785
57.2992 -57.2992
57.5045 -57.5045
57.6954 -57.6954
57.8727 -57.8727
58.0371 -58.0371
58.1894 -58.1894
58.3303 -58.3303
58.4602 -58.4602
58.5799 -58.5799
58.6898 -58.6898
58.7904 -58.7904
58.8822 -58.8822
58.9656 -58.9656
59.041 -59.041
59.1088 -59.1088
59.1693 -59.1693
59.2229 -59.2229
59.2699 -59.2699
59.3105 -59.3105
59.3451 -59.3451
59.3739 -59.3739
59.3971 -59.3971
59.415 -59.415
59.4277 -59.4277
59.4356 -59.4356
59.4387 -59.4387
59.4373 -59.4373
59.4316 -59.4316
59.4216 -59.4216
59.4077 -59.4077
59.3898 -59.3898
59.3682 -59.3682
59.343 -59.343
59.3143 -59.3143
59.2822 -59.2822
59.2469 -59.2469
59.2084 -59.2084
59.167 -59.167
59.1226 -59.1226
59.0753 -59.0753
59.0254 -59.0254
58.9727 -58.9727
58.9175 -58.9175
58.8599 -58.8599
58.7998 -58.7998
58.7374 -58.7374
58.6727 -58.6727
58.6058 -58.6058
58.5368 -58.5368
58.4657 -58.4657
58.3926 -58.3926
58.3176 -58.3176
58.2407 -58.2407
58.1619 -58.1619
58.0814 -58.0814
57.9991 -57.9991
57.9152 -57.9152
57.8296 -57.8296
42.2628 -42.2628
29.8802 -29.8802
19.8929 -19.8929
11.7024 -11.7024
4.88055 -4.88055
-0.880154 0.880154
-5.80438 5.80438
-10.059 10.059
-13.7703 13.7703
-17.035 17.035
-19.9286 19.9286
-22.5106 22.5106
-24.8288 24.8288
-26.9217 26.9217
-28.8205 28.8205
-30.5512 30.5512
-32.1353 32.1353
-33.5908 33.5908
-34.933 34.933
-36.1745 36.1745
-37.3266 37.3266
-38.3987 38.3987
-39.3989 39.3989
-40.3343 40.3343
-41.2111 41.2111
-42.0347 42.0347
-42.8099 42.8099
-43.5409 43.5409
-44.2315 44.2315
-44.8849 44.8849
-45.5041 45.5041
-46.0918 46.0918
-46.6503 46.6503
-47.1817 47.1817
-47.6881 47.6881
-48.171 48.171
-48.6322 48.6322
-49.0731 49.0731
-49.4949 49.4949
-49.8988 49.8988
-50.286 50.286
-50.6574 50.6574
-51.014 51.014
-51.3567 51.3567
-51.686 51.686
-52.0029 52.0029
-52.308 52.308
-52.6018 52.6018
-52.8849 52.8849
-53.158 53.158
-53.4213 53.4213
-53.6755 53.6755
-53.9209 53.9209
-54.158 54.158
-54.387 54.387
-54.6083 54.6083
-54.8223 54.8223
-55.0293 55.0293
-55.2295 55.2295
-55.4232 55.4232
-55.6107 55.6107
-55.7921 55.7921
-55.9677 55.9677
-56.1378 56.1378
-56.3024 56.3024
-56.4619 56.4619
-56.6163 56.6163
-56.7658 56.7658
-56.9105 56.9105
-57.0508 57.0508
-57.1865 57.1865
-57.318 57.318
-57.4452 57.4452
-57.5684 57.5684
-57.6876 57.6876
-57.803 57.803
-57.9146 57.9146
-58.0225 58.0225
-58.1268 58.1268
-58.2277 58.2277
-58.3252 58.3252
-58.4193 58.4193
-58.5101 58.5101
-58.5978 58.5978
-58.6823 58.6823
-58.7638 58.7638
-58.8423 58.8423
-58.9178 58.9178
-58.9904 58.9904
-59.0602 59.0602
-59.1272 59.1272
-59.1915 59.1915
-59.253 59.253
-59.3119 59.3119
-59.3682 59.3682
-59.4219 59.4219
-59.4731 59.4731
-59.5217 59.5217
-59.5679 59.5679
-59.6116 59.6116
-41.6858 41.6858
-27.8872 27.8872
-17.0637 17.0637
-8.39601 8.39601
-1.32477 1.32477
4.53752 -4.53752
9.46537 -9.46537
13.6576 -13.6576
17.2614 -17.2614
20.3875 -20.3875
23.121 -23.121
25.528 -25.528
27.6609 -27.6609
29.5613 -29.5613
31.263 -31.263
32.7936 -32.7936
34.1758 -34.1758
35.4285 -35.4285
36.5674 -36.5674
37.6061 -37.6061
38.5558 -38.5558
39.4262 -39.4262
40.2256 -40.2256
40.9614 -40.9614
41.6396 -41.6396
42.2659 -42.2659
42.845 -42.845
43.3811 -43.3811
43.8779 -43.8779
44.3388 -44.3388
44.7668 -44.7668
45.1643 -45.1643
45.5338 -45.5338
45.8775 -45.8775
46.1971 -46.1971
46.4945 -46.4945
46.7711 -46.7711
47.0285 -47.0285
47.2678 -47.2678
47.4903 -47.4903
47.697 -47.697
47.889 -47.889
48.067 -48.067
48.232 -48.232
48.3847 -48.3847
48.5258 -48.5258
48.6559 -48.6559
48.7757 -48.7757
48.8857 -48.8857
48.9864 -48.9864
49.0783 -49.0783
49.1619 -49.1619
49.2376 -49.2376
49.3057 -49.3057
49.3666 -49.3666
49.4206 -49.4206
49.4682 -49.4682
49.5095 -49.5095
49.5448 -49.5448
49.5745 -49.5745
49.5987 -49.5987
49.6177 -49.6177
49.6317 -49.6317
49.6409 -49.6409
49.6456 -49.6456
49.6458 -49.6458
49.6418 -49.6418
49.6337 -49.6337
49.6217 -49.6217
49.606 -49.606
49.5866 -49.5866
49.5637 -49.5637
49.5375 -49.5375
49.508 -49.508
49.4754 -49.4754
49.4397 -49.4397
49.4012 -49.4012
49.3598 -49.3598
49.3157 -49.3157
49.269 -49.269
49.2197 -49.2197
49.1679 -49.1679
49.1138 -49.1138
49.0574 -49.0574
48.9987 -48.9987
48.9378 -48.9378
48.8748 -48.8748
48.8098 -48.8098
48.7429 -48.7429
48.6739 -48.6739
48.6032 -48.6032
48.5306 -48.5306
48.4562 -48.4562
48.3802 -48.3802
48.3025 -48.3025
48.2232 -48.2232
48.1423 -48.1423
48.0598 -48.0598
47.9759 -47.9759
47.8906 -47.8906
34.9992 -34.9992
24.7447 -24.7447
16.4738 -16.4738
9.69093 -9.69093
4.04161 -4.04161
-0.728849 0.728849
-4.80646 4.80646
-8.32942 8.32942
-11.4022 11.4022
-14.1049 14.1049
-16.5002 16.5002
-18.6372 18.6372
-20.5555 20.5555
-22.287 22.287
-23.8576 23.8576
-25.2887 25.2887
-26.5983 26.5983
-27.8011 27.8011
-28.9098 28.9098
-29.935 29.935
-30.8858 30.8858
-31.7702 31.7702
-32.5948 32.5948
-33.3656 33.3656
-34.0876 34.0876
-34.7654 34.7654
-35.4029 35.4029
-36.0035 36.0035
-36.5705 36.5705
-37.1064 37.1064
-37.6138 37.6138
-38.0949 38.0949
-38.5516 38.5516
-38.9857 38.9857
-39.3988 39.3988
-39.7923 39.7923
-40.1676 40.1676
-40.5258 40.5258
-40.868 40.868
-41.1953 41.1953
-41.5084 41.5084
-41.8083 41.8083
-42.0957 42.0957
-42.3713 42.3713
-42.6358 42.6358
-42.8897 42.8897
-43.1335 43.1335
-43.3679 43.3679
-43.5932 43.5932
-43.8099 43.8099
-44.0184 44.0184
-44.2191 44.2191
-44.4123 44.4123
-44.5983 44.5983
-44.7775 44.7775
-44.9502 44.9502
-45.1165 45.1165
-45.2768 45.2768
-45.4313 45.4313
-45.5802 45.5802
-45.7237 45.7237
-45.862 45.862
-45.9952 45.9952
-46.1237 46.1237
-46.2474 46.2474
-46.3666 46.3666
-46.4814 46.4814
-46.592 46.592
-46.6984 46.6984
-46.8008 46.8008
-46.8993 46.8993
-46.994 46.994
-47.085 47.085
-47.1724 47.1724
-47.2563 47.2563
-47.3367 47.3367
-47.4139 47.4139
-47.4877 47.4877
-47.5584 47.5584
-47.626 47.626
-47.6905 47.6905
-47.752 47.752
-47.8106 47.8106
-47.8663 47.8663
-47.9192 47.9192
-47.9693 47.9693
-48.0167 48.0167
-48.0614 48.0614
-48.1035 48.1035
-48.143 48.143
-48.1799 48.1799
-48.2143 48.2143
-48.2463 48.2463
-48.2758 48.2758
-48.3028 48.3028
-48.3275 48.3275
-48.3499 48.3499
-48.3699 48.3699
-48.3877 48.3877
-48.4031 48.4031
-25.1863 25.1863
-10.1497 10.1497
0.196355 -0.196355
7.68478 -7.68478
13.3212 -13.3212
17.6951 -17.6951
21.1721 -21.1721
23.9903 -23.9903
26.311 -26.311
28.2468 -28.2468
29.8792 -29.8792
31.2679 -31.2679
32.458 -32.458
33.4843 -33.4843
34.3737 -34.3737
35.1475 -35.1475
35.8229 -35.8229
36.4136 -36.4136
36.9311 -36.9311
37.3847 -37.3847
37.7822 -37.7822
38.1303 -38.1303
38.4344 -38.4344
38.6994 -38.6994
38.9292 -38.9292
39.1275 -39.1275
39.2973 -39.2973
39.4411 -39.4411
39.5614 -39.5614
39.6602 -39.6602
39.7393 -39.7393
39.8002 -39.8002
39.8445 -39.8445
39.8734 -39.8734
39.8881 -39.8881
39.8895 -39.8895
39.8787 -39.8787
39.8564 -39.8564
39.8233 -39.8233
39.7803 -39.7803
39.728 -39.728
39.6668 -39.6668
39.5974 -39.5974
39.5202 -39.5202
39.4356 -39.4356
39.3442 -39.3442
39.2462 -39.2462
39.142 -39.142
39.0319 -39.0319
38.9163 -38.9163
38.7955 -38.7955
38.6696 -38.6696
38.5389 -38.5389
38.4037 -38.4037
38.2642 -38.2642
38.1205 -38.1205
37.9729 -37.9729
37.8223 -37.8223
37.6701 -37.6701
37.5162 -37.5162
37.3607 -37.3607
37.2036 -37.2036
37.045 -37.045
36.8849 -36.8849
36.7232 -36.7232
36.5601 -36.5601
36.3955 -36.3955
36.2294 -36.2294
36.0619 -36.0619
35.8929 -35.8929
35.7226 -35.7226
35.5509 -35.5509
35.3778 -35.3778
35.2033 -35.2033
35.0275 -35.0275
34.8504 -34.8504
34.6721 -34.6721
34.4924 -34.4924
34.3114 -34.3114
34.1292 -34.1292
33.9458 -33.9458
33.7612 -33.7612
33.5753 -33.5753
33.3883 -33.3883
33.2001 -33.2001
33.0107 -33.0107
32.8202 -32.8202
32.6285 -32.6285
32.4357 -32.4357
32.2419 -32.2419
32.0469 -32.0469
31.8509 -31.8509
31.6538 -31.6538
31.4556 -31.4556
31.2564 -31.2564
31.0562 -31.0562
30.855 -30.855
30.6528 -30.6528
30.4496 -30.4496
30.2454 -30.2454
